Build 'AutomationTraining / Build' #18
Started 2019-03-12 00:32:38 on 'host' by 'glebgusev'
Finished 2019-03-12 00:34:45 with status FAILURE 'Tests failed: 2 (1 new), passed: 9'
VCS revisions: 'AutoTraining' (Git): bbe05dd98a258e767c033614c2f06cf2ca12ebed (branch 'refs/heads/master')
TeamCity URL http://localhost:90/viewLog.html?buildId=19&buildTypeId=AutomationTraining_Build 
TeamCity server version is 2018.2.3 (build 61544), server timezone: MSK (UTC+03:00)

[00:32:37]E: bt1 (2m:08s)
[00:32:37]i: TeamCity server version is 2018.2.3 (build 61544)
[00:32:37] : The build is removed from the queue to be prepared for the start
[00:32:37] : Collecting changes in 1 VCS root
[00:32:37] :	 [Collecting changes in 1 VCS root] VCS Root details
[00:32:37] :		 [VCS Root details] "AutoTraining" {instance id=2, parent internal id=2, parent id=AutomationTraining_AutoTraining, description: "https://github.com/GlebGusev/AutomationTraining.git#refs/heads/master"}
[00:32:38]i:	 [Collecting changes in 1 VCS root] Detecting changes in VCS root 'AutoTraining' (used in 'Build')
[00:32:38]i:	 [Collecting changes in 1 VCS root] Will collect changes for 'AutoTraining' starting from revision bbe05dd98a258e767c033614c2f06cf2ca12ebed
[00:32:38] :	 [Collecting changes in 1 VCS root] Compute revision for 'AutoTraining'
[00:32:38] :		 [Compute revision for 'AutoTraining'] Upper limit revision: bbe05dd98a258e767c033614c2f06cf2ca12ebed
[00:32:38]i:		 [Compute revision for 'AutoTraining'] MaxModId = 3
[00:32:38] :		 [Compute revision for 'AutoTraining'] Latest commit attached to build configuration: bbe05dd98a258e767c033614c2f06cf2ca12ebed
[00:32:38] :		 [Compute revision for 'AutoTraining'] Computed revision: bbe05dd98a258e767c033614c2f06cf2ca12ebed
[00:32:38] : Starting the build on the agent host
[00:32:38]i: Agent time zone: Europe/Minsk
[00:32:38]i: Agent is running under JRE: 1.8.0_192-b12
[00:32:38] : Clearing temporary directory: C:\TeamCity\buildAgent\temp\buildTmp
[00:32:38] : Publishing internal artifacts (1s)
[00:32:39] :	 [Publishing internal artifacts] Publishing 1 file using [ArtifactsCachePublisher]
[00:32:39] :	 [Publishing internal artifacts] Publishing 1 file using [WebPublisher]
[00:32:38] : Using vcs information from agent file: 357d8625a94da553.xml
[00:32:38] : Checkout directory: C:\TeamCity\buildAgent\work\357d8625a94da553
[00:32:38] : Updating sources: auto checkout (on agent) (2s)
[00:32:38] :	 [Updating sources] Will use agent side checkout
[00:32:38] :	 [Updating sources] VCS Root: AutoTraining (2s)
[00:32:38] :		 [VCS Root: AutoTraining] revision: bbe05dd98a258e767c033614c2f06cf2ca12ebed
[00:32:38] :		 [VCS Root: AutoTraining] Git version: 2.20.1.0
[00:32:38] :		 [VCS Root: AutoTraining] Update git mirror (C:\TeamCity\buildAgent\system\git\git-353C625A.git) (1s)
[00:32:38] :			 [Update git mirror (C:\TeamCity\buildAgent\system\git\git-353C625A.git)] "C:\Program Files\Git\bin\git.exe" config http.sslCAInfo
[00:32:38] :			 [Update git mirror (C:\TeamCity\buildAgent\system\git\git-353C625A.git)] "C:\Program Files\Git\bin\git.exe" config --unset http.sslCAInfo
[00:32:38] :			 [Update git mirror (C:\TeamCity\buildAgent\system\git\git-353C625A.git)] "C:\Program Files\Git\bin\git.exe" show-ref
[00:32:39] :			 [Update git mirror (C:\TeamCity\buildAgent\system\git\git-353C625A.git)] "C:\Program Files\Git\bin\git.exe" -c credential.helper= ls-remote origin
[00:32:39] :			 [Update git mirror (C:\TeamCity\buildAgent\system\git\git-353C625A.git)] "C:\Program Files\Git\bin\git.exe" show-ref refs/remotes/origin/master
[00:32:39] :			 [Update git mirror (C:\TeamCity\buildAgent\system\git\git-353C625A.git)] "C:\Program Files\Git\bin\git.exe" show-ref refs/heads/master
[00:32:39] :			 [Update git mirror (C:\TeamCity\buildAgent\system\git\git-353C625A.git)] "C:\Program Files\Git\bin\git.exe" pack-refs --all
[00:32:39] :		 [VCS Root: AutoTraining] Update checkout directory (C:\TeamCity\buildAgent\work\357d8625a94da553)
[00:32:39] :			 [Update checkout directory (C:\TeamCity\buildAgent\work\357d8625a94da553)] "C:\Program Files\Git\bin\git.exe" config lfs.storage C:\TeamCity\buildAgent\system\git\git-353C625A.git\lfs
[00:32:39] :			 [Update checkout directory (C:\TeamCity\buildAgent\work\357d8625a94da553)] "C:\Program Files\Git\bin\git.exe" config core.sparseCheckout true
[00:32:40] :			 [Update checkout directory (C:\TeamCity\buildAgent\work\357d8625a94da553)] "C:\Program Files\Git\bin\git.exe" config http.sslCAInfo
[00:32:40] :			 [Update checkout directory (C:\TeamCity\buildAgent\work\357d8625a94da553)] "C:\Program Files\Git\bin\git.exe" config --unset http.sslCAInfo
[00:32:40] :			 [Update checkout directory (C:\TeamCity\buildAgent\work\357d8625a94da553)] "C:\Program Files\Git\bin\git.exe" show-ref
[00:32:40] :			 [Update checkout directory (C:\TeamCity\buildAgent\work\357d8625a94da553)] "C:\Program Files\Git\bin\git.exe" show-ref refs/remotes/origin/master
[00:32:40] :			 [Update checkout directory (C:\TeamCity\buildAgent\work\357d8625a94da553)] "C:\Program Files\Git\bin\git.exe" log -n1 --pretty=format:%H%x20%s bbe05dd98a258e767c033614c2f06cf2ca12ebed --
[00:32:40] :			 [Update checkout directory (C:\TeamCity\buildAgent\work\357d8625a94da553)] "C:\Program Files\Git\bin\git.exe" branch
[00:32:40] :			 [Update checkout directory (C:\TeamCity\buildAgent\work\357d8625a94da553)] "C:\Program Files\Git\bin\git.exe" -c credential.helper= reset --hard bbe05dd98a258e767c033614c2f06cf2ca12ebed
[00:32:40] :			 [Update checkout directory (C:\TeamCity\buildAgent\work\357d8625a94da553)] "C:\Program Files\Git\bin\git.exe" branch --set-upstream-to=refs/remotes/origin/master
[00:32:40] : Build preparation done
[00:32:40] : Step 1/4: Restore Packages (NuGet Installer) (1s)
[00:32:40] :	 [Step 1/4] scan: Searching for nuget.config files
[00:32:40] :		 [scan] Found packages folder: C:\TeamCity\buildAgent\work\357d8625a94da553\TestProject\packages
[00:32:40] :		 [scan] No repositories.config found at C:\TeamCity\buildAgent\work\357d8625a94da553\TestProject\packages\repositories.config
[00:32:40] :		 [scan] Scanning projects in solution file: C:\TeamCity\buildAgent\work\357d8625a94da553\TestProject\TestProject.sln
[00:32:40] :		 [scan] Found project C:\TeamCity\buildAgent\work\357d8625a94da553\TestProject\Task_20\Task_20.csproj
[00:32:40] :		 [scan] Found project C:\TeamCity\buildAgent\work\357d8625a94da553\TestProject\Task_50\Task_50.csproj
[00:32:40] :		 [scan] Found project C:\TeamCity\buildAgent\work\357d8625a94da553\TestProject\Initialize\Initialize.csproj
[00:32:40] :		 [scan] Found project C:\TeamCity\buildAgent\work\357d8625a94da553\TestProject\Drivers
[00:32:40] :		 [scan] Found project C:\TeamCity\buildAgent\work\357d8625a94da553\TestProject\Task_70\Task_70.csproj
[00:32:40] :		 [scan] Found project C:\TeamCity\buildAgent\work\357d8625a94da553\TestProject\Solution Items
[00:32:40] :	 [Step 1/4] restore: Restoring NuGet packages for TestProject\TestProject.sln (1s)
[00:32:40] :		 [restore] Setting 'NUGET_PACKAGES' environment variable to 'C:\TeamCity\buildAgent\temp\buildTmp\.nuget\packages'
[00:32:40]i:		 [restore] ##teamcity[setParameter name='env.NUGET_PACKAGES' value='C:\TeamCity\buildAgent\temp\buildTmp\.nuget\packages']
[00:32:40] :		 [restore] Starting: C:\TeamCity\buildAgent\tools\NuGet.CommandLine.4.9.3\tools\NuGet.exe restore C:\TeamCity\buildAgent\work\357d8625a94da553\TestProject\TestProject.sln
[00:32:40] :		 [restore] in directory: C:\TeamCity\buildAgent\work\357d8625a94da553\TestProject
[00:32:41] :		 [restore] MSBuild auto-detection: using msbuild version '15.4.8.50001' from 'C:\Program Files (x86)\Microsoft Visual Studio\2017\Enterprise\MSBuild\15.0\bin'.
[00:32:42] :		 [restore] All packages listed in packages.config are already installed.
[00:32:42] :		 [restore] Process exited with code 0
[00:32:42]W: Step 2/4: Build with MSBuils (MSBuild) (2s)
[00:32:42] :	 [Step 2/4] Starting: C:\TeamCity\buildAgent\plugins\dotnetPlugin\bin\JetBrains.BuildServer.MsBuildBootstrap.exe /workdir:C:\TeamCity\buildAgent\work\357d8625a94da553 "/msbuildPath:C:\Program Files (x86)\Microsoft Visual Studio\2017\Enterprise\MSBuild\15.0\bin\MSBuild.exe"
[00:32:42] :	 [Step 2/4] in directory: C:\TeamCity\buildAgent\work\357d8625a94da553
[00:32:43]W:	 [Step 2/4] TestProject\TestProject.sln.teamcity: Build target: TeamCity_Generated_Build
[00:32:43]W:		 [TestProject\TestProject.sln.teamcity] TeamCity_Generated_Build
[00:32:43]W:			 [TeamCity_Generated_Build] MSBuild
[00:32:43]W:				 [MSBuild] TestProject\TestProject.sln: Build default targets
[00:32:43] :					 [TestProject\TestProject.sln] ValidateSolutionConfiguration
[00:32:43] :						 [ValidateSolutionConfiguration] Building solution configuration "Debug|Any CPU".
[00:32:43]W:					 [TestProject\TestProject.sln] Build
[00:32:43]W:						 [Build] MSBuild
[00:32:44] :							 [MSBuild] TestProject\Task_20\Task_20.csproj: Build default targets
[00:32:44] :								 [TestProject\Task_20\Task_20.csproj] _GetProjectReferenceTargetFrameworkProperties
[00:32:44] :								 [TestProject\Task_20\Task_20.csproj] ResolveProjectReferences
[00:32:44] :									 [ResolveProjectReferences] MSBuild
[00:32:44] :										 [MSBuild] TestProject\Initialize\Initialize.csproj: Build default targets
[00:32:44] :											 [TestProject\Initialize\Initialize.csproj] CoreCompile
[00:32:44] :												 [CoreCompile] Csc
[00:32:44] :													 [Csc] C:\Program Files (x86)\Microsoft Visual Studio\2017\Enterprise\MSBuild\15.0\bin\Roslyn\csc.exe /noconfig /nowarn:1701,1702 /nostdlib+ /errorreport:prompt /warn:4 /define:DEBUG;TRACE /highentropyva+ /reference:C:\TeamCity\buildAgent\work\357d8625a94da553\TestProject\packages\Noksa.NUnit.Allure.2.5.0.1\lib\net461\Allure.dll /reference:"C:\Program Files (x86)\Reference Assemblies\Microsoft\Framework\.NETFramework\v4.6.1\Microsoft.CSharp.dll" /reference:"C:\Program Files (x86)\Reference Assemblies\Microsoft\Framework\.NETFramework\v4.6.1\mscorlib.dll" /reference:C:\TeamCity\buildAgent\work\357d8625a94da553\TestProject\packages\Newtonsoft.Json.11.0.2\lib\net45\Newtonsoft.Json.dll /reference:C:\TeamCity\buildAgent\work\357d8625a94da553\TestProject\packages\NUnit.3.11.0\lib\net45\nunit.framework.dll /reference:"C:\Program Files (x86)\Reference Assemblies\Microsoft\Framework\.NETFramework\v4.6.1\System.Core.dll" /reference:"C:\Program Files (x86)\Reference Assemblies\Microsoft\Framework\.NETFramework\v4.6.1\System.Data.DataSetExtensions.dll" /reference:"C:\Program Files (x86)\Reference Assemblies\Microsoft\Framework\.NETFramework\v4.6.1\System.Data.dll" /reference:"C:\Program Files (x86)\Reference Assemblies\Microsoft\Framework\.NETFramework\v4.6.1\System.dll" /reference:"C:\Program Files (x86)\Reference Assemblies\Microsoft\Framework\.NETFramework\v4.6.1\System.Drawing.dll" /reference:"C:\Program Files (x86)\Reference Assemblies\Microsoft\Framework\.NETFramework\v4.6.1\System.Net.Http.dll" /reference:C:\TeamCity\buildAgent\work\357d8625a94da553\TestProject\packages\System.ValueTuple.4.5.0\lib\net461\System.ValueTuple.dll /reference:"C:\Program Files (x86)\Reference Assemblies\Microsoft\Framework\.NETFramework\v4.6.1\System.Xml.dll" /reference:"C:\Program Files (x86)\Reference Assemblies\Microsoft\Framework\.NETFramework\v4.6.1\System.Xml.Linq.dll" /reference:C:\TeamCity\buildAgent\work\357d8625a94da553\TestProject\packages\Selenium.WebDriver.3.141.0\lib\net45\WebDriver.dll /debug+ /debug:full /filealign:512 /optimize- /out:obj\Debug\Initialize.dll /ruleset:"C:\Program Files (x86)\Microsoft Visual Studio\2017\Enterprise\Team Tools\Static Analysis Tools\\Rule Sets\MinimumRecommendedRules.ruleset" /subsystemversion:6.00 /target:library /utf8output MapBase.cs Properties\AssemblyInfo.cs TestBase.cs "C:\TeamCity\buildAgent\temp\buildTmp\.NETFramework,Version=v4.6.1.AssemblyAttributes.cs"
[00:32:44] :													 [Csc] Using shared compilation with compiler from directory: C:\Program Files (x86)\Microsoft Visual Studio\2017\Enterprise\MSBuild\15.0\bin\Roslyn
[00:32:44] :											 [TestProject\Initialize\Initialize.csproj] _CopyFilesMarkedCopyLocal
[00:32:44] :												 [_CopyFilesMarkedCopyLocal] Copy
[00:32:44] :													 [Copy] Copying file from "C:\TeamCity\buildAgent\work\357d8625a94da553\TestProject\packages\Noksa.NUnit.Allure.2.5.0.1\lib\net461\Allure.dll" to "bin\Debug\Allure.dll".
[00:32:44] :													 [Copy] Copying file from "C:\TeamCity\buildAgent\work\357d8625a94da553\TestProject\packages\Newtonsoft.Json.11.0.2\lib\net45\Newtonsoft.Json.dll" to "bin\Debug\Newtonsoft.Json.dll".
[00:32:44] :													 [Copy] Copying file from "C:\TeamCity\buildAgent\work\357d8625a94da553\TestProject\packages\NUnit.3.11.0\lib\net45\nunit.framework.dll" to "bin\Debug\nunit.framework.dll".
[00:32:44] :													 [Copy] Copying file from "C:\TeamCity\buildAgent\work\357d8625a94da553\TestProject\packages\System.ValueTuple.4.5.0\lib\net461\System.ValueTuple.dll" to "bin\Debug\System.ValueTuple.dll".
[00:32:44] :													 [Copy] Copying file from "C:\TeamCity\buildAgent\work\357d8625a94da553\TestProject\packages\Selenium.WebDriver.3.141.0\lib\net45\WebDriver.dll" to "bin\Debug\WebDriver.dll".
[00:32:44] :													 [Copy] Copying file from "C:\TeamCity\buildAgent\work\357d8625a94da553\TestProject\packages\Newtonsoft.Json.11.0.2\lib\net45\Newtonsoft.Json.xml" to "bin\Debug\Newtonsoft.Json.xml".
[00:32:44] :													 [Copy] Copying file from "C:\TeamCity\buildAgent\work\357d8625a94da553\TestProject\packages\NUnit.3.11.0\lib\net45\nunit.framework.pdb" to "bin\Debug\nunit.framework.pdb".
[00:32:44] :													 [Copy] Copying file from "C:\TeamCity\buildAgent\work\357d8625a94da553\TestProject\packages\NUnit.3.11.0\lib\net45\nunit.framework.xml" to "bin\Debug\nunit.framework.xml".
[00:32:44] :													 [Copy] Copying file from "C:\TeamCity\buildAgent\work\357d8625a94da553\TestProject\packages\System.ValueTuple.4.5.0\lib\net461\System.ValueTuple.xml" to "bin\Debug\System.ValueTuple.xml".
[00:32:44] :													 [Copy] Copying file from "C:\TeamCity\buildAgent\work\357d8625a94da553\TestProject\packages\Selenium.WebDriver.3.141.0\lib\net45\WebDriver.xml" to "bin\Debug\WebDriver.xml".
[00:32:44] :												 [_CopyFilesMarkedCopyLocal] Touch
[00:32:44] :													 [Touch] Touching "C:\TeamCity\buildAgent\work\357d8625a94da553\TestProject\Initialize\obj\Debug\Initialize.csproj.CopyComplete".
[00:32:44] :											 [TestProject\Initialize\Initialize.csproj] _CopyOutOfDateSourceItemsToOutputDirectory
[00:32:44] :												 [_CopyOutOfDateSourceItemsToOutputDirectory] Skipping target "_CopyOutOfDateSourceItemsToOutputDirectory" because all output files are up-to-date with respect to the input files.
[00:32:44] :											 [TestProject\Initialize\Initialize.csproj] _CopyAppConfigFile
[00:32:44] :												 [_CopyAppConfigFile] Skipping target "_CopyAppConfigFile" because all output files are up-to-date with respect to the input files.
[00:32:44] :											 [TestProject\Initialize\Initialize.csproj] CopyFilesToOutputDirectory
[00:32:44] :												 [CopyFilesToOutputDirectory] Copy
[00:32:44] :													 [Copy] Copying file from "obj\Debug\Initialize.dll" to "bin\Debug\Initialize.dll".
[00:32:44] :												 [CopyFilesToOutputDirectory] Initialize -> C:\TeamCity\buildAgent\work\357d8625a94da553\TestProject\Initialize\bin\Debug\Initialize.dll
[00:32:44] :												 [CopyFilesToOutputDirectory] Copy
[00:32:44] :													 [Copy] Copying file from "obj\Debug\Initialize.pdb" to "bin\Debug\Initialize.pdb".
[00:32:44] :								 [TestProject\Task_20\Task_20.csproj] GenerateTargetFrameworkMonikerAttribute
[00:32:44] :									 [GenerateTargetFrameworkMonikerAttribute] Skipping target "GenerateTargetFrameworkMonikerAttribute" because all output files are up-to-date with respect to the input files.
[00:32:44] :								 [TestProject\Task_20\Task_20.csproj] CoreCompile
[00:32:44] :									 [CoreCompile] Csc
[00:32:44] :										 [Csc] C:\Program Files (x86)\Microsoft Visual Studio\2017\Enterprise\MSBuild\15.0\bin\Roslyn\csc.exe /noconfig /nowarn:1701,1702 /nostdlib+ /errorreport:prompt /warn:4 /define:DEBUG;TRACE /highentropyva+ /reference:C:\TeamCity\buildAgent\work\357d8625a94da553\TestProject\packages\Noksa.NUnit.Allure.2.5.0.1\lib\net461\Allure.dll /reference:C:\TeamCity\buildAgent\work\357d8625a94da553\TestProject\Initialize\bin\Debug\Initialize.dll /reference:C:\TeamCity\buildAgent\work\357d8625a94da553\TestProject\packages\MSTest.TestFramework.1.1.18\lib\net45\Microsoft.VisualStudio.TestPlatform.TestFramework.dll /reference:C:\TeamCity\buildAgent\work\357d8625a94da553\TestProject\packages\MSTest.TestFramework.1.1.18\lib\net45\Microsoft.VisualStudio.TestPlatform.TestFramework.Extensions.dll /reference:"C:\Program Files (x86)\Reference Assemblies\Microsoft\Framework\.NETFramework\v4.6.1\mscorlib.dll" /reference:C:\TeamCity\buildAgent\work\357d8625a94da553\TestProject\packages\Newtonsoft.Json.11.0.2\lib\net45\Newtonsoft.Json.dll /reference:C:\TeamCity\buildAgent\work\357d8625a94da553\TestProject\packages\NUnit.3.11.0\lib\net45\nunit.framework.dll /reference:"C:\Program Files (x86)\Reference Assemblies\Microsoft\Framework\.NETFramework\v4.6.1\System.Core.dll" /reference:"C:\Program Files (x86)\Reference Assemblies\Microsoft\Framework\.NETFramework\v4.6.1\System.dll" /reference:"C:\Program Files (x86)\Reference Assemblies\Microsoft\Framework\.NETFramework\v4.6.1\System.Drawing.dll" /reference:C:\TeamCity\buildAgent\work\357d8625a94da553\TestProject\packages\System.ValueTuple.4.5.0\lib\net461\System.ValueTuple.dll /reference:C:\TeamCity\buildAgent\work\357d8625a94da553\TestProject\packages\Selenium.WebDriver.3.141.0\lib\net45\WebDriver.dll /reference:C:\TeamCity\buildAgent\work\357d8625a94da553\TestProject\packages\Selenium.Support.3.141.0\lib\net45\WebDriver.Support.dll /reference:"C:\Program Files (x86)\Reference Assemblies\Microsoft\Framework\.NETFramework\v4.6.1\Facades\System.Collections.Concurrent.dll" /reference:"C:\Program Files (x86)\Reference Assemblies\Microsoft\Framework\.NETFramework\v4.6.1\Facades\System.Collections.dll" /reference:"C:\Program Files (x86)\Reference Assemblies\Microsoft\Framework\.NETFramework\v4.6.1\Facades\System.ComponentModel.Annotations.dll" /reference:"C:\Program Files (x86)\Reference Assemblies\Microsoft\Framework\.NETFramework\v4.6.1\Facades\System.ComponentModel.dll" /reference:"C:\Program Files (x86)\Reference Assemblies\Microsoft\Framework\.NETFramework\v4.6.1\Facades\System.ComponentModel.EventBasedAsync.dll" /reference:"C:\Program Files (x86)\Reference Assemblies\Microsoft\Framework\.NETFramework\v4.6.1\Facades\System.Diagnostics.Contracts.dll" /reference:"C:\Program Files (x86)\Reference Assemblies\Microsoft\Framework\.NETFramework\v4.6.1\Facades\System.Diagnostics.Debug.dll" /reference:"C:\Program Files (x86)\Reference Assemblies\Microsoft\Framework\.NETFramework\v4.6.1\Facades\System.Diagnostics.Tools.dll" /reference:"C:\Program Files (x86)\Reference Assemblies\Microsoft\Framework\.NETFramework\v4.6.1\Facades\System.Diagnostics.Tracing.dll" /reference:"C:\Program Files (x86)\Reference Assemblies\Microsoft\Framework\.NETFramework\v4.6.1\Facades\System.Dynamic.Runtime.dll" /reference:"C:\Program Files (x86)\Reference Assemblies\Microsoft\Framework\.NETFramework\v4.6.1\Facades\System.Globalization.dll" /reference:"C:\Program Files (x86)\Reference Assemblies\Microsoft\Framework\.NETFramework\v4.6.1\Facades\System.IO.dll" /reference:"C:\Program Files (x86)\Reference Assemblies\Microsoft\Framework\.NETFramework\v4.6.1\Facades\System.Linq.dll" /reference:"C:\Program Files (x86)\Reference Assemblies\Microsoft\Framework\.NETFramework\v4.6.1\Facades\System.Linq.Expressions.dll" /reference:"C:\Program Files (x86)\Reference Assemblies\Microsoft\Framework\.NETFramework\v4.6.1\Facades\System.Linq.Parallel.dll" /reference:"C:\Program Files (x86)\Reference Assemblies\Microsoft\Framework\.NETFramework\v4.6.1\Facades\System.Linq.Queryable.dll" /reference:"C:\Program Files (x86)\Reference Assemblies\Microsoft\Framework\.NETFramework\v4.6.1\Facades\System.Net.NetworkInformation.dll" /reference:"C:\Program Files (x86)\Reference Assemblies\Microsoft\Framework\.NETFramework\v4.6.1\Facades\System.Net.Primitives.dll" /reference:"C:\Program Files (x86)\Reference Assemblies\Microsoft\Framework\.NETFramework\v4.6.1\Facades\System.Net.Requests.dll" /reference:"C:\Program Files (x86)\Reference Assemblies\Microsoft\Framework\.NETFramework\v4.6.1\Facades\System.Net.WebHeaderCollection.dll" /reference:"C:\Program Files (x86)\Reference Assemblies\Microsoft\Framework\.NETFramework\v4.6.1\Facades\System.ObjectModel.dll" /reference:"C:\Program Files (x86)\Reference Assemblies\Microsoft\Framework\.NETFramework\v4.6.1\Facades\System.Reflection.dll" /reference:"C:\Program Files (x86)\Reference Assemblies\Microsoft\Framework\.NETFramework\v4.6.1\Facades\System.Reflection.Emit.dll" /reference:"C:\Program Files (x86)\Reference Assemblies\Microsoft\Framework\.NETFramework\v4.6.1\Facades\System.Reflection.Emit.ILGeneration.dll" /reference:"C:\Program Files (x86)\Reference Assemblies\Microsoft\Framework\.NETFramework\v4.6.1\Facades\System.Reflection.Emit.Lightweight.dll" /reference:"C:\Program Files (x86)\Reference Assemblies\Microsoft\Framework\.NETFramework\v4.6.1\Facades\System.Reflection.Extensions.dll" /reference:"C:\Program Files (x86)\Reference Assemblies\Microsoft\Framework\.NETFramework\v4.6.1\Facades\System.Reflection.Primitives.dll" /reference:"C:\Program Files (x86)\Reference Assemblies\Microsoft\Framework\.NETFramework\v4.6.1\Facades\System.Resources.ResourceManager.dll" /reference:"C:\Program Files (x86)\Reference Assemblies\Microsoft\Framework\.NETFramework\v4.6.1\Facades\System.Runtime.dll" /reference:"C:\Program Files (x86)\Reference Assemblies\Microsoft\Framework\.NETFramework\v4.6.1\Facades\System.Runtime.Extensions.dll" /reference:"C:\Program Files (x86)\Reference Assemblies\Microsoft\Framework\.NETFramework\v4.6.1\Facades\System.Runtime.Handles.dll" /reference:"C:\Program Files (x86)\Reference Assemblies\Microsoft\Framework\.NETFramework\v4.6.1\Facades\System.Runtime.InteropServices.dll" /reference:"C:\Program Files (x86)\Reference Assemblies\Microsoft\Framework\.NETFramework\v4.6.1\Facades\System.Runtime.InteropServices.WindowsRuntime.dll" /reference:"C:\Program Files (x86)\Reference Assemblies\Microsoft\Framework\.NETFramework\v4.6.1\Facades\System.Runtime.Numerics.dll" /reference:"C:\Program Files (x86)\Reference Assemblies\Microsoft\Framework\.NETFramework\v4.6.1\Facades\System.Runtime.Serialization.Json.dll" /reference:"C:\Program Files (x86)\Reference Assemblies\Microsoft\Framework\.NETFramework\v4.6.1\Facades\System.Runtime.Serialization.Primitives.dll" /reference:"C:\Program Files (x86)\Reference Assemblies\Microsoft\Framework\.NETFramework\v4.6.1\Facades\System.Runtime.Serialization.Xml.dll" /reference:"C:\Program Files (x86)\Reference Assemblies\Microsoft\Framework\.NETFramework\v4.6.1\Facades\System.Security.Principal.dll" /reference:"C:\Program Files (x86)\Reference Assemblies\Microsoft\Framework\.NETFramework\v4.6.1\Facades\System.ServiceModel.Duplex.dll" /reference:"C:\Program Files (x86)\Reference Assemblies\Microsoft\Framework\.NETFramework\v4.6.1\Facades\System.ServiceModel.Http.dll" /reference:"C:\Program Files (x86)\Reference Assemblies\Microsoft\Framework\.NETFramework\v4.6.1\Facades\System.ServiceModel.NetTcp.dll" /reference:"C:\Program Files (x86)\Reference Assemblies\Microsoft\Framework\.NETFramework\v4.6.1\Facades\System.ServiceModel.Primitives.dll" /reference:"C:\Program Files (x86)\Reference Assemblies\Microsoft\Framework\.NETFramework\v4.6.1\Facades\System.ServiceModel.Security.dll" /reference:"C:\Program Files (x86)\Reference Assemblies\Microsoft\Framework\.NETFramework\v4.6.1\Facades\System.Text.Encoding.dll" /reference:"C:\Program Files (x86)\Reference Assemblies\Microsoft\Framework\.NETFramework\v4.6.1\Facades\System.Text.Encoding.Extensions.dll" /reference:"C:\Program Files (x86)\Reference Assemblies\Microsoft\Framework\.NETFramework\v4.6.1\Facades\System.Text.RegularExpressions.dll" /reference:"C:\Program Files (x86)\Reference Assemblies\Microsoft\Framework\.NETFramework\v4.6.1\Facades\System.Threading.dll" /reference:"C:\Program Files (x86)\Reference Assemblies\Microsoft\Framework\.NETFramework\v4.6.1\Facades\System.Threading.Tasks.dll" /reference:"C:\Program Files (x86)\Reference Assemblies\Microsoft\Framework\.NETFramework\v4.6.1\Facades\System.Threading.Tasks.Parallel.dll" /reference:"C:\Program Files (x86)\Reference Assemblies\Microsoft\Framework\.NETFramework\v4.6.1\Facades\System.Threading.Timer.dll" /reference:"C:\Program Files (x86)\Reference Assemblies\Microsoft\Framework\.NETFramework\v4.6.1\Facades\System.Xml.ReaderWriter.dll" /reference:"C:\Program Files (x86)\Reference Assemblies\Microsoft\Framework\.NETFramework\v4.6.1\Facades\System.Xml.XDocument.dll" /reference:"C:\Program Files (x86)\Reference Assemblies\Microsoft\Framework\.NETFramework\v4.6.1\Facades\System.Xml.XmlSerializer.dll" /debug+ /debug:full /filealign:512 /optimize- /out:obj\Debug\Task_20.dll /ruleset:"C:\Program Files (x86)\Microsoft Visual Studio\2017\Enterprise\Team Tools\Static Analysis Tools\\Rule Sets\MinimumRecommendedRules.ruleset" /subsystemversion:6.00 /target:library /utf8output Locators\Locators.cs Tests\Task_20.cs Properties\AssemblyInfo.cs "C:\TeamCity\buildAgent\temp\buildTmp\.NETFramework,Version=v4.6.1.AssemblyAttributes.cs"
[00:32:44] :										 [Csc] Using shared compilation with compiler from directory: C:\Program Files (x86)\Microsoft Visual Studio\2017\Enterprise\MSBuild\15.0\bin\Roslyn
[00:32:44] :								 [TestProject\Task_20\Task_20.csproj] _CopyFilesMarkedCopyLocal
[00:32:44] :									 [_CopyFilesMarkedCopyLocal] Copy
[00:32:44] :										 [Copy] Copying file from "C:\TeamCity\buildAgent\work\357d8625a94da553\TestProject\packages\Noksa.NUnit.Allure.2.5.0.1\lib\net461\Allure.dll" to "bin\Debug\Allure.dll".
[00:32:44] :										 [Copy] Copying file from "C:\TeamCity\buildAgent\work\357d8625a94da553\TestProject\Initialize\bin\Debug\Initialize.dll" to "bin\Debug\Initialize.dll".
[00:32:44] :										 [Copy] Copying file from "C:\TeamCity\buildAgent\work\357d8625a94da553\TestProject\packages\Newtonsoft.Json.11.0.2\lib\net45\Newtonsoft.Json.dll" to "bin\Debug\Newtonsoft.Json.dll".
[00:32:44] :										 [Copy] Copying file from "C:\TeamCity\buildAgent\work\357d8625a94da553\TestProject\packages\NUnit.3.11.0\lib\net45\nunit.framework.dll" to "bin\Debug\nunit.framework.dll".
[00:32:44] :										 [Copy] Copying file from "C:\TeamCity\buildAgent\work\357d8625a94da553\TestProject\packages\System.ValueTuple.4.5.0\lib\net461\System.ValueTuple.dll" to "bin\Debug\System.ValueTuple.dll".
[00:32:44] :										 [Copy] Copying file from "C:\TeamCity\buildAgent\work\357d8625a94da553\TestProject\packages\Selenium.WebDriver.3.141.0\lib\net45\WebDriver.dll" to "bin\Debug\WebDriver.dll".
[00:32:44] :										 [Copy] Copying file from "C:\TeamCity\buildAgent\work\357d8625a94da553\TestProject\packages\Selenium.Support.3.141.0\lib\net45\WebDriver.Support.dll" to "bin\Debug\WebDriver.Support.dll".
[00:32:44] :										 [Copy] Copying file from "C:\TeamCity\buildAgent\work\357d8625a94da553\TestProject\Initialize\bin\Debug\Initialize.pdb" to "bin\Debug\Initialize.pdb".
[00:32:44] :										 [Copy] Copying file from "C:\TeamCity\buildAgent\work\357d8625a94da553\TestProject\Initialize\bin\Debug\Initialize.dll.config" to "bin\Debug\Initialize.dll.config".
[00:32:44] :										 [Copy] Copying file from "C:\TeamCity\buildAgent\work\357d8625a94da553\TestProject\packages\Newtonsoft.Json.11.0.2\lib\net45\Newtonsoft.Json.xml" to "bin\Debug\Newtonsoft.Json.xml".
[00:32:44] :										 [Copy] Copying file from "C:\TeamCity\buildAgent\work\357d8625a94da553\TestProject\packages\NUnit.3.11.0\lib\net45\nunit.framework.pdb" to "bin\Debug\nunit.framework.pdb".
[00:32:44] :										 [Copy] Copying file from "C:\TeamCity\buildAgent\work\357d8625a94da553\TestProject\packages\NUnit.3.11.0\lib\net45\nunit.framework.xml" to "bin\Debug\nunit.framework.xml".
[00:32:44] :										 [Copy] Copying file from "C:\TeamCity\buildAgent\work\357d8625a94da553\TestProject\packages\System.ValueTuple.4.5.0\lib\net461\System.ValueTuple.xml" to "bin\Debug\System.ValueTuple.xml".
[00:32:44] :										 [Copy] Copying file from "C:\TeamCity\buildAgent\work\357d8625a94da553\TestProject\packages\Selenium.WebDriver.3.141.0\lib\net45\WebDriver.xml" to "bin\Debug\WebDriver.xml".
[00:32:44] :										 [Copy] Copying file from "C:\TeamCity\buildAgent\work\357d8625a94da553\TestProject\packages\Selenium.Support.3.141.0\lib\net45\WebDriver.Support.xml" to "bin\Debug\WebDriver.Support.xml".
[00:32:44] :									 [_CopyFilesMarkedCopyLocal] Touch
[00:32:44] :										 [Touch] Touching "C:\TeamCity\buildAgent\work\357d8625a94da553\TestProject\Task_20\obj\Debug\Task_20.csproj.CopyComplete".
[00:32:44] :								 [TestProject\Task_20\Task_20.csproj] GetCopyToOutputDirectoryItems
[00:32:44] :								 [TestProject\Task_20\Task_20.csproj] _CopyOutOfDateSourceItemsToOutputDirectory
[00:32:44] :									 [_CopyOutOfDateSourceItemsToOutputDirectory] Skipping target "_CopyOutOfDateSourceItemsToOutputDirectory" because all output files are up-to-date with respect to the input files.
[00:32:44] :								 [TestProject\Task_20\Task_20.csproj] _CopyOutOfDateSourceItemsToOutputDirectoryAlways
[00:32:44] :									 [_CopyOutOfDateSourceItemsToOutputDirectoryAlways] Copy
[00:32:44] :										 [Copy] Copying file from "C:\TeamCity\buildAgent\work\357d8625a94da553\TestProject\Task_20\allureConfig.json" to "bin\Debug\allureConfig.json".
[00:32:44] :								 [TestProject\Task_20\Task_20.csproj] _CopyAppConfigFile
[00:32:44] :									 [_CopyAppConfigFile] Skipping target "_CopyAppConfigFile" because all output files are up-to-date with respect to the input files.
[00:32:44] :								 [TestProject\Task_20\Task_20.csproj] CopyFilesToOutputDirectory
[00:32:44] :									 [CopyFilesToOutputDirectory] Copy
[00:32:44] :										 [Copy] Copying file from "obj\Debug\Task_20.dll" to "bin\Debug\Task_20.dll".
[00:32:44] :									 [CopyFilesToOutputDirectory] Task_20 -> C:\TeamCity\buildAgent\work\357d8625a94da553\TestProject\Task_20\bin\Debug\Task_20.dll
[00:32:44] :									 [CopyFilesToOutputDirectory] Copy
[00:32:44] :										 [Copy] Copying file from "obj\Debug\Task_20.pdb" to "bin\Debug\Task_20.pdb".
[00:32:44] :							 [MSBuild] TestProject\Task_50\Task_50.csproj: Build default targets
[00:32:44] :								 [TestProject\Task_50\Task_50.csproj] _GetProjectReferenceTargetFrameworkProperties
[00:32:44] :								 [TestProject\Task_50\Task_50.csproj] ResolveProjectReferences
[00:32:44] :								 [TestProject\Task_50\Task_50.csproj] GenerateTargetFrameworkMonikerAttribute
[00:32:44] :									 [GenerateTargetFrameworkMonikerAttribute] Skipping target "GenerateTargetFrameworkMonikerAttribute" because all output files are up-to-date with respect to the input files.
[00:32:44] :								 [TestProject\Task_50\Task_50.csproj] CoreCompile
[00:32:44] :									 [CoreCompile] Csc
[00:32:44] :										 [Csc] C:\Program Files (x86)\Microsoft Visual Studio\2017\Enterprise\MSBuild\15.0\bin\Roslyn\csc.exe /noconfig /nowarn:1701,1702 /nostdlib+ /errorreport:prompt /warn:4 /define:DEBUG;TRACE /highentropyva+ /reference:C:\TeamCity\buildAgent\work\357d8625a94da553\TestProject\packages\Noksa.NUnit.Allure.2.5.0.1\lib\net461\Allure.dll /reference:C:\TeamCity\buildAgent\work\357d8625a94da553\TestProject\Initialize\bin\Debug\Initialize.dll /reference:C:\TeamCity\buildAgent\work\357d8625a94da553\TestProject\packages\MSTest.TestFramework.1.1.18\lib\net45\Microsoft.VisualStudio.TestPlatform.TestFramework.dll /reference:C:\TeamCity\buildAgent\work\357d8625a94da553\TestProject\packages\MSTest.TestFramework.1.1.18\lib\net45\Microsoft.VisualStudio.TestPlatform.TestFramework.Extensions.dll /reference:"C:\Program Files (x86)\Reference Assemblies\Microsoft\Framework\.NETFramework\v4.6.1\mscorlib.dll" /reference:C:\TeamCity\buildAgent\work\357d8625a94da553\TestProject\packages\Newtonsoft.Json.11.0.2\lib\net45\Newtonsoft.Json.dll /reference:C:\TeamCity\buildAgent\work\357d8625a94da553\TestProject\packages\NUnit.3.11.0\lib\net45\nunit.framework.dll /reference:"C:\Program Files (x86)\Reference Assemblies\Microsoft\Framework\.NETFramework\v4.6.1\System.Core.dll" /reference:"C:\Program Files (x86)\Reference Assemblies\Microsoft\Framework\.NETFramework\v4.6.1\System.dll" /reference:"C:\Program Files (x86)\Reference Assemblies\Microsoft\Framework\.NETFramework\v4.6.1\System.Drawing.dll" /reference:C:\TeamCity\buildAgent\work\357d8625a94da553\TestProject\packages\System.ValueTuple.4.5.0\lib\net461\System.ValueTuple.dll /reference:C:\TeamCity\buildAgent\work\357d8625a94da553\TestProject\packages\Selenium.WebDriver.3.141.0\lib\net45\WebDriver.dll /reference:C:\TeamCity\buildAgent\work\357d8625a94da553\TestProject\packages\Selenium.Support.3.141.0\lib\net45\WebDriver.Support.dll /reference:"C:\Program Files (x86)\Reference Assemblies\Microsoft\Framework\.NETFramework\v4.6.1\Facades\System.Collections.Concurrent.dll" /reference:"C:\Program Files (x86)\Reference Assemblies\Microsoft\Framework\.NETFramework\v4.6.1\Facades\System.Collections.dll" /reference:"C:\Program Files (x86)\Reference Assemblies\Microsoft\Framework\.NETFramework\v4.6.1\Facades\System.ComponentModel.Annotations.dll" /reference:"C:\Program Files (x86)\Reference Assemblies\Microsoft\Framework\.NETFramework\v4.6.1\Facades\System.ComponentModel.dll" /reference:"C:\Program Files (x86)\Reference Assemblies\Microsoft\Framework\.NETFramework\v4.6.1\Facades\System.ComponentModel.EventBasedAsync.dll" /reference:"C:\Program Files (x86)\Reference Assemblies\Microsoft\Framework\.NETFramework\v4.6.1\Facades\System.Diagnostics.Contracts.dll" /reference:"C:\Program Files (x86)\Reference Assemblies\Microsoft\Framework\.NETFramework\v4.6.1\Facades\System.Diagnostics.Debug.dll" /reference:"C:\Program Files (x86)\Reference Assemblies\Microsoft\Framework\.NETFramework\v4.6.1\Facades\System.Diagnostics.Tools.dll" /reference:"C:\Program Files (x86)\Reference Assemblies\Microsoft\Framework\.NETFramework\v4.6.1\Facades\System.Diagnostics.Tracing.dll" /reference:"C:\Program Files (x86)\Reference Assemblies\Microsoft\Framework\.NETFramework\v4.6.1\Facades\System.Dynamic.Runtime.dll" /reference:"C:\Program Files (x86)\Reference Assemblies\Microsoft\Framework\.NETFramework\v4.6.1\Facades\System.Globalization.dll" /reference:"C:\Program Files (x86)\Reference Assemblies\Microsoft\Framework\.NETFramework\v4.6.1\Facades\System.IO.dll" /reference:"C:\Program Files (x86)\Reference Assemblies\Microsoft\Framework\.NETFramework\v4.6.1\Facades\System.Linq.dll" /reference:"C:\Program Files (x86)\Reference Assemblies\Microsoft\Framework\.NETFramework\v4.6.1\Facades\System.Linq.Expressions.dll" /reference:"C:\Program Files (x86)\Reference Assemblies\Microsoft\Framework\.NETFramework\v4.6.1\Facades\System.Linq.Parallel.dll" /reference:"C:\Program Files (x86)\Reference Assemblies\Microsoft\Framework\.NETFramework\v4.6.1\Facades\System.Linq.Queryable.dll" /reference:"C:\Program Files (x86)\Reference Assemblies\Microsoft\Framework\.NETFramework\v4.6.1\Facades\System.Net.NetworkInformation.dll" /reference:"C:\Program Files (x86)\Reference Assemblies\Microsoft\Framework\.NETFramework\v4.6.1\Facades\System.Net.Primitives.dll" /reference:"C:\Program Files (x86)\Reference Assemblies\Microsoft\Framework\.NETFramework\v4.6.1\Facades\System.Net.Requests.dll" /reference:"C:\Program Files (x86)\Reference Assemblies\Microsoft\Framework\.NETFramework\v4.6.1\Facades\System.Net.WebHeaderCollection.dll" /reference:"C:\Program Files (x86)\Reference Assemblies\Microsoft\Framework\.NETFramework\v4.6.1\Facades\System.ObjectModel.dll" /reference:"C:\Program Files (x86)\Reference Assemblies\Microsoft\Framework\.NETFramework\v4.6.1\Facades\System.Reflection.dll" /reference:"C:\Program Files (x86)\Reference Assemblies\Microsoft\Framework\.NETFramework\v4.6.1\Facades\System.Reflection.Emit.dll" /reference:"C:\Program Files (x86)\Reference Assemblies\Microsoft\Framework\.NETFramework\v4.6.1\Facades\System.Reflection.Emit.ILGeneration.dll" /reference:"C:\Program Files (x86)\Reference Assemblies\Microsoft\Framework\.NETFramework\v4.6.1\Facades\System.Reflection.Emit.Lightweight.dll" /reference:"C:\Program Files (x86)\Reference Assemblies\Microsoft\Framework\.NETFramework\v4.6.1\Facades\System.Reflection.Extensions.dll" /reference:"C:\Program Files (x86)\Reference Assemblies\Microsoft\Framework\.NETFramework\v4.6.1\Facades\System.Reflection.Primitives.dll" /reference:"C:\Program Files (x86)\Reference Assemblies\Microsoft\Framework\.NETFramework\v4.6.1\Facades\System.Resources.ResourceManager.dll" /reference:"C:\Program Files (x86)\Reference Assemblies\Microsoft\Framework\.NETFramework\v4.6.1\Facades\System.Runtime.dll" /reference:"C:\Program Files (x86)\Reference Assemblies\Microsoft\Framework\.NETFramework\v4.6.1\Facades\System.Runtime.Extensions.dll" /reference:"C:\Program Files (x86)\Reference Assemblies\Microsoft\Framework\.NETFramework\v4.6.1\Facades\System.Runtime.Handles.dll" /reference:"C:\Program Files (x86)\Reference Assemblies\Microsoft\Framework\.NETFramework\v4.6.1\Facades\System.Runtime.InteropServices.dll" /reference:"C:\Program Files (x86)\Reference Assemblies\Microsoft\Framework\.NETFramework\v4.6.1\Facades\System.Runtime.InteropServices.WindowsRuntime.dll" /reference:"C:\Program Files (x86)\Reference Assemblies\Microsoft\Framework\.NETFramework\v4.6.1\Facades\System.Runtime.Numerics.dll" /reference:"C:\Program Files (x86)\Reference Assemblies\Microsoft\Framework\.NETFramework\v4.6.1\Facades\System.Runtime.Serialization.Json.dll" /reference:"C:\Program Files (x86)\Reference Assemblies\Microsoft\Framework\.NETFramework\v4.6.1\Facades\System.Runtime.Serialization.Primitives.dll" /reference:"C:\Program Files (x86)\Reference Assemblies\Microsoft\Framework\.NETFramework\v4.6.1\Facades\System.Runtime.Serialization.Xml.dll" /reference:"C:\Program Files (x86)\Reference Assemblies\Microsoft\Framework\.NETFramework\v4.6.1\Facades\System.Security.Principal.dll" /reference:"C:\Program Files (x86)\Reference Assemblies\Microsoft\Framework\.NETFramework\v4.6.1\Facades\System.ServiceModel.Duplex.dll" /reference:"C:\Program Files (x86)\Reference Assemblies\Microsoft\Framework\.NETFramework\v4.6.1\Facades\System.ServiceModel.Http.dll" /reference:"C:\Program Files (x86)\Reference Assemblies\Microsoft\Framework\.NETFramework\v4.6.1\Facades\System.ServiceModel.NetTcp.dll" /reference:"C:\Program Files (x86)\Reference Assemblies\Microsoft\Framework\.NETFramework\v4.6.1\Facades\System.ServiceModel.Primitives.dll" /reference:"C:\Program Files (x86)\Reference Assemblies\Microsoft\Framework\.NETFramework\v4.6.1\Facades\System.ServiceModel.Security.dll" /reference:"C:\Program Files (x86)\Reference Assemblies\Microsoft\Framework\.NETFramework\v4.6.1\Facades\System.Text.Encoding.dll" /reference:"C:\Program Files (x86)\Reference Assemblies\Microsoft\Framework\.NETFramework\v4.6.1\Facades\System.Text.Encoding.Extensions.dll" /reference:"C:\Program Files (x86)\Reference Assemblies\Microsoft\Framework\.NETFramework\v4.6.1\Facades\System.Text.RegularExpressions.dll" /reference:"C:\Program Files (x86)\Reference Assemblies\Microsoft\Framework\.NETFramework\v4.6.1\Facades\System.Threading.dll" /reference:"C:\Program Files (x86)\Reference Assemblies\Microsoft\Framework\.NETFramework\v4.6.1\Facades\System.Threading.Tasks.dll" /reference:"C:\Program Files (x86)\Reference Assemblies\Microsoft\Framework\.NETFramework\v4.6.1\Facades\System.Threading.Tasks.Parallel.dll" /reference:"C:\Program Files (x86)\Reference Assemblies\Microsoft\Framework\.NETFramework\v4.6.1\Facades\System.Threading.Timer.dll" /reference:"C:\Program Files (x86)\Reference Assemblies\Microsoft\Framework\.NETFramework\v4.6.1\Facades\System.Xml.ReaderWriter.dll" /reference:"C:\Program Files (x86)\Reference Assemblies\Microsoft\Framework\.NETFramework\v4.6.1\Facades\System.Xml.XDocument.dll" /reference:"C:\Program Files (x86)\Reference Assemblies\Microsoft\Framework\.NETFramework\v4.6.1\Facades\System.Xml.XmlSerializer.dll" /debug+ /debug:full /filealign:512 /optimize- /out:obj\Debug\Task_50.dll /ruleset:"C:\Program Files (x86)\Microsoft Visual Studio\2017\Enterprise\Team Tools\Static Analysis Tools\\Rule Sets\MinimumRecommendedRules.ruleset" /subsystemversion:6.00 /target:library /utf8output Locators\HerokuappLocators.cs Locators\TutByLocators.cs Tests\Task_50_herokuapp.cs Tests\Task_50_tutBy.cs Properties\AssemblyInfo.cs "C:\TeamCity\buildAgent\temp\buildTmp\.NETFramework,Version=v4.6.1.AssemblyAttributes.cs"
[00:32:44] :										 [Csc] Using shared compilation with compiler from directory: C:\Program Files (x86)\Microsoft Visual Studio\2017\Enterprise\MSBuild\15.0\bin\Roslyn
[00:32:44] :								 [TestProject\Task_50\Task_50.csproj] _CopyFilesMarkedCopyLocal
[00:32:44] :									 [_CopyFilesMarkedCopyLocal] Copy
[00:32:44] :										 [Copy] Copying file from "C:\TeamCity\buildAgent\work\357d8625a94da553\TestProject\packages\Noksa.NUnit.Allure.2.5.0.1\lib\net461\Allure.dll" to "bin\Debug\Allure.dll".
[00:32:44] :										 [Copy] Copying file from "C:\TeamCity\buildAgent\work\357d8625a94da553\TestProject\Initialize\bin\Debug\Initialize.dll" to "bin\Debug\Initialize.dll".
[00:32:44] :										 [Copy] Copying file from "C:\TeamCity\buildAgent\work\357d8625a94da553\TestProject\packages\Newtonsoft.Json.11.0.2\lib\net45\Newtonsoft.Json.dll" to "bin\Debug\Newtonsoft.Json.dll".
[00:32:44] :										 [Copy] Copying file from "C:\TeamCity\buildAgent\work\357d8625a94da553\TestProject\packages\NUnit.3.11.0\lib\net45\nunit.framework.dll" to "bin\Debug\nunit.framework.dll".
[00:32:44] :										 [Copy] Copying file from "C:\TeamCity\buildAgent\work\357d8625a94da553\TestProject\packages\System.ValueTuple.4.5.0\lib\net461\System.ValueTuple.dll" to "bin\Debug\System.ValueTuple.dll".
[00:32:44] :										 [Copy] Copying file from "C:\TeamCity\buildAgent\work\357d8625a94da553\TestProject\packages\Selenium.WebDriver.3.141.0\lib\net45\WebDriver.dll" to "bin\Debug\WebDriver.dll".
[00:32:44] :										 [Copy] Copying file from "C:\TeamCity\buildAgent\work\357d8625a94da553\TestProject\packages\Selenium.Support.3.141.0\lib\net45\WebDriver.Support.dll" to "bin\Debug\WebDriver.Support.dll".
[00:32:44] :										 [Copy] Copying file from "C:\TeamCity\buildAgent\work\357d8625a94da553\TestProject\Initialize\bin\Debug\Initialize.pdb" to "bin\Debug\Initialize.pdb".
[00:32:44] :										 [Copy] Copying file from "C:\TeamCity\buildAgent\work\357d8625a94da553\TestProject\Initialize\bin\Debug\Initialize.dll.config" to "bin\Debug\Initialize.dll.config".
[00:32:44] :										 [Copy] Copying file from "C:\TeamCity\buildAgent\work\357d8625a94da553\TestProject\packages\Newtonsoft.Json.11.0.2\lib\net45\Newtonsoft.Json.xml" to "bin\Debug\Newtonsoft.Json.xml".
[00:32:44] :										 [Copy] Copying file from "C:\TeamCity\buildAgent\work\357d8625a94da553\TestProject\packages\NUnit.3.11.0\lib\net45\nunit.framework.pdb" to "bin\Debug\nunit.framework.pdb".
[00:32:44] :										 [Copy] Copying file from "C:\TeamCity\buildAgent\work\357d8625a94da553\TestProject\packages\NUnit.3.11.0\lib\net45\nunit.framework.xml" to "bin\Debug\nunit.framework.xml".
[00:32:44] :										 [Copy] Copying file from "C:\TeamCity\buildAgent\work\357d8625a94da553\TestProject\packages\System.ValueTuple.4.5.0\lib\net461\System.ValueTuple.xml" to "bin\Debug\System.ValueTuple.xml".
[00:32:44] :										 [Copy] Copying file from "C:\TeamCity\buildAgent\work\357d8625a94da553\TestProject\packages\Selenium.WebDriver.3.141.0\lib\net45\WebDriver.xml" to "bin\Debug\WebDriver.xml".
[00:32:44] :										 [Copy] Copying file from "C:\TeamCity\buildAgent\work\357d8625a94da553\TestProject\packages\Selenium.Support.3.141.0\lib\net45\WebDriver.Support.xml" to "bin\Debug\WebDriver.Support.xml".
[00:32:44] :									 [_CopyFilesMarkedCopyLocal] Touch
[00:32:44] :										 [Touch] Touching "C:\TeamCity\buildAgent\work\357d8625a94da553\TestProject\Task_50\obj\Debug\Task_50.csproj.CopyComplete".
[00:32:44] :								 [TestProject\Task_50\Task_50.csproj] GetCopyToOutputDirectoryItems
[00:32:44] :								 [TestProject\Task_50\Task_50.csproj] _CopyOutOfDateSourceItemsToOutputDirectory
[00:32:44] :									 [_CopyOutOfDateSourceItemsToOutputDirectory] Skipping target "_CopyOutOfDateSourceItemsToOutputDirectory" because all output files are up-to-date with respect to the input files.
[00:32:44] :								 [TestProject\Task_50\Task_50.csproj] _CopyOutOfDateSourceItemsToOutputDirectoryAlways
[00:32:44] :									 [_CopyOutOfDateSourceItemsToOutputDirectoryAlways] Copy
[00:32:44] :										 [Copy] Copying file from "C:\TeamCity\buildAgent\work\357d8625a94da553\TestProject\Task_50\allureConfig.json" to "bin\Debug\allureConfig.json".
[00:32:44] :								 [TestProject\Task_50\Task_50.csproj] _CopyAppConfigFile
[00:32:44] :									 [_CopyAppConfigFile] Skipping target "_CopyAppConfigFile" because all output files are up-to-date with respect to the input files.
[00:32:44] :								 [TestProject\Task_50\Task_50.csproj] CopyFilesToOutputDirectory
[00:32:44] :									 [CopyFilesToOutputDirectory] Copy
[00:32:44] :										 [Copy] Copying file from "obj\Debug\Task_50.dll" to "bin\Debug\Task_50.dll".
[00:32:44] :									 [CopyFilesToOutputDirectory] Task_50 -> C:\TeamCity\buildAgent\work\357d8625a94da553\TestProject\Task_50\bin\Debug\Task_50.dll
[00:32:44] :									 [CopyFilesToOutputDirectory] Copy
[00:32:44] :										 [Copy] Copying file from "obj\Debug\Task_50.pdb" to "bin\Debug\Task_50.pdb".
[00:32:44]W:							 [MSBuild] TestProject\Task_70\Task_70.csproj: Build default targets
[00:32:44] :								 [TestProject\Task_70\Task_70.csproj] _GetProjectReferenceTargetFrameworkProperties
[00:32:44] :								 [TestProject\Task_70\Task_70.csproj] ResolveProjectReferences
[00:32:44] :								 [TestProject\Task_70\Task_70.csproj] GenerateTargetFrameworkMonikerAttribute
[00:32:44] :									 [GenerateTargetFrameworkMonikerAttribute] Skipping target "GenerateTargetFrameworkMonikerAttribute" because all output files are up-to-date with respect to the input files.
[00:32:44]W:								 [TestProject\Task_70\Task_70.csproj] CoreCompile
[00:32:44]W:									 [CoreCompile] Csc
[00:32:44] :										 [Csc] C:\Program Files (x86)\Microsoft Visual Studio\2017\Enterprise\MSBuild\15.0\bin\Roslyn\csc.exe /noconfig /nowarn:1701,1702 /nostdlib+ /errorreport:prompt /warn:4 /define:DEBUG;TRACE /highentropyva+ /reference:C:\TeamCity\buildAgent\work\357d8625a94da553\TestProject\packages\Noksa.NUnit.Allure.2.5.0.1\lib\net461\Allure.dll /reference:C:\TeamCity\buildAgent\work\357d8625a94da553\TestProject\Initialize\bin\Debug\Initialize.dll /reference:C:\TeamCity\buildAgent\work\357d8625a94da553\TestProject\packages\MSTest.TestFramework.1.1.18\lib\net45\Microsoft.VisualStudio.TestPlatform.TestFramework.dll /reference:C:\TeamCity\buildAgent\work\357d8625a94da553\TestProject\packages\MSTest.TestFramework.1.1.18\lib\net45\Microsoft.VisualStudio.TestPlatform.TestFramework.Extensions.dll /reference:"C:\Program Files (x86)\Reference Assemblies\Microsoft\Framework\.NETFramework\v4.6.1\mscorlib.dll" /reference:C:\TeamCity\buildAgent\work\357d8625a94da553\TestProject\packages\Newtonsoft.Json.11.0.2\lib\net45\Newtonsoft.Json.dll /reference:C:\TeamCity\buildAgent\work\357d8625a94da553\TestProject\packages\NUnit.3.11.0\lib\net45\nunit.framework.dll /reference:"C:\Program Files (x86)\Reference Assemblies\Microsoft\Framework\.NETFramework\v4.6.1\System.Core.dll" /reference:"C:\Program Files (x86)\Reference Assemblies\Microsoft\Framework\.NETFramework\v4.6.1\System.dll" /reference:"C:\Program Files (x86)\Reference Assemblies\Microsoft\Framework\.NETFramework\v4.6.1\System.Drawing.dll" /reference:C:\TeamCity\buildAgent\work\357d8625a94da553\TestProject\packages\System.ValueTuple.4.5.0\lib\net461\System.ValueTuple.dll /reference:C:\TeamCity\buildAgent\work\357d8625a94da553\TestProject\packages\Selenium.WebDriver.3.141.0\lib\net45\WebDriver.dll /reference:C:\TeamCity\buildAgent\work\357d8625a94da553\TestProject\packages\Selenium.Support.3.141.0\lib\net45\WebDriver.Support.dll /reference:"C:\Program Files (x86)\Reference Assemblies\Microsoft\Framework\.NETFramework\v4.6.1\Facades\System.Collections.Concurrent.dll" /reference:"C:\Program Files (x86)\Reference Assemblies\Microsoft\Framework\.NETFramework\v4.6.1\Facades\System.Collections.dll" /reference:"C:\Program Files (x86)\Reference Assemblies\Microsoft\Framework\.NETFramework\v4.6.1\Facades\System.ComponentModel.Annotations.dll" /reference:"C:\Program Files (x86)\Reference Assemblies\Microsoft\Framework\.NETFramework\v4.6.1\Facades\System.ComponentModel.dll" /reference:"C:\Program Files (x86)\Reference Assemblies\Microsoft\Framework\.NETFramework\v4.6.1\Facades\System.ComponentModel.EventBasedAsync.dll" /reference:"C:\Program Files (x86)\Reference Assemblies\Microsoft\Framework\.NETFramework\v4.6.1\Facades\System.Diagnostics.Contracts.dll" /reference:"C:\Program Files (x86)\Reference Assemblies\Microsoft\Framework\.NETFramework\v4.6.1\Facades\System.Diagnostics.Debug.dll" /reference:"C:\Program Files (x86)\Reference Assemblies\Microsoft\Framework\.NETFramework\v4.6.1\Facades\System.Diagnostics.Tools.dll" /reference:"C:\Program Files (x86)\Reference Assemblies\Microsoft\Framework\.NETFramework\v4.6.1\Facades\System.Diagnostics.Tracing.dll" /reference:"C:\Program Files (x86)\Reference Assemblies\Microsoft\Framework\.NETFramework\v4.6.1\Facades\System.Dynamic.Runtime.dll" /reference:"C:\Program Files (x86)\Reference Assemblies\Microsoft\Framework\.NETFramework\v4.6.1\Facades\System.Globalization.dll" /reference:"C:\Program Files (x86)\Reference Assemblies\Microsoft\Framework\.NETFramework\v4.6.1\Facades\System.IO.dll" /reference:"C:\Program Files (x86)\Reference Assemblies\Microsoft\Framework\.NETFramework\v4.6.1\Facades\System.Linq.dll" /reference:"C:\Program Files (x86)\Reference Assemblies\Microsoft\Framework\.NETFramework\v4.6.1\Facades\System.Linq.Expressions.dll" /reference:"C:\Program Files (x86)\Reference Assemblies\Microsoft\Framework\.NETFramework\v4.6.1\Facades\System.Linq.Parallel.dll" /reference:"C:\Program Files (x86)\Reference Assemblies\Microsoft\Framework\.NETFramework\v4.6.1\Facades\System.Linq.Queryable.dll" /reference:"C:\Program Files (x86)\Reference Assemblies\Microsoft\Framework\.NETFramework\v4.6.1\Facades\System.Net.NetworkInformation.dll" /reference:"C:\Program Files (x86)\Reference Assemblies\Microsoft\Framework\.NETFramework\v4.6.1\Facades\System.Net.Primitives.dll" /reference:"C:\Program Files (x86)\Reference Assemblies\Microsoft\Framework\.NETFramework\v4.6.1\Facades\System.Net.Requests.dll" /reference:"C:\Program Files (x86)\Reference Assemblies\Microsoft\Framework\.NETFramework\v4.6.1\Facades\System.Net.WebHeaderCollection.dll" /reference:"C:\Program Files (x86)\Reference Assemblies\Microsoft\Framework\.NETFramework\v4.6.1\Facades\System.ObjectModel.dll" /reference:"C:\Program Files (x86)\Reference Assemblies\Microsoft\Framework\.NETFramework\v4.6.1\Facades\System.Reflection.dll" /reference:"C:\Program Files (x86)\Reference Assemblies\Microsoft\Framework\.NETFramework\v4.6.1\Facades\System.Reflection.Emit.dll" /reference:"C:\Program Files (x86)\Reference Assemblies\Microsoft\Framework\.NETFramework\v4.6.1\Facades\System.Reflection.Emit.ILGeneration.dll" /reference:"C:\Program Files (x86)\Reference Assemblies\Microsoft\Framework\.NETFramework\v4.6.1\Facades\System.Reflection.Emit.Lightweight.dll" /reference:"C:\Program Files (x86)\Reference Assemblies\Microsoft\Framework\.NETFramework\v4.6.1\Facades\System.Reflection.Extensions.dll" /reference:"C:\Program Files (x86)\Reference Assemblies\Microsoft\Framework\.NETFramework\v4.6.1\Facades\System.Reflection.Primitives.dll" /reference:"C:\Program Files (x86)\Reference Assemblies\Microsoft\Framework\.NETFramework\v4.6.1\Facades\System.Resources.ResourceManager.dll" /reference:"C:\Program Files (x86)\Reference Assemblies\Microsoft\Framework\.NETFramework\v4.6.1\Facades\System.Runtime.dll" /reference:"C:\Program Files (x86)\Reference Assemblies\Microsoft\Framework\.NETFramework\v4.6.1\Facades\System.Runtime.Extensions.dll" /reference:"C:\Program Files (x86)\Reference Assemblies\Microsoft\Framework\.NETFramework\v4.6.1\Facades\System.Runtime.Handles.dll" /reference:"C:\Program Files (x86)\Reference Assemblies\Microsoft\Framework\.NETFramework\v4.6.1\Facades\System.Runtime.InteropServices.dll" /reference:"C:\Program Files (x86)\Reference Assemblies\Microsoft\Framework\.NETFramework\v4.6.1\Facades\System.Runtime.InteropServices.WindowsRuntime.dll" /reference:"C:\Program Files (x86)\Reference Assemblies\Microsoft\Framework\.NETFramework\v4.6.1\Facades\System.Runtime.Numerics.dll" /reference:"C:\Program Files (x86)\Reference Assemblies\Microsoft\Framework\.NETFramework\v4.6.1\Facades\System.Runtime.Serialization.Json.dll" /reference:"C:\Program Files (x86)\Reference Assemblies\Microsoft\Framework\.NETFramework\v4.6.1\Facades\System.Runtime.Serialization.Primitives.dll" /reference:"C:\Program Files (x86)\Reference Assemblies\Microsoft\Framework\.NETFramework\v4.6.1\Facades\System.Runtime.Serialization.Xml.dll" /reference:"C:\Program Files (x86)\Reference Assemblies\Microsoft\Framework\.NETFramework\v4.6.1\Facades\System.Security.Principal.dll" /reference:"C:\Program Files (x86)\Reference Assemblies\Microsoft\Framework\.NETFramework\v4.6.1\Facades\System.ServiceModel.Duplex.dll" /reference:"C:\Program Files (x86)\Reference Assemblies\Microsoft\Framework\.NETFramework\v4.6.1\Facades\System.ServiceModel.Http.dll" /reference:"C:\Program Files (x86)\Reference Assemblies\Microsoft\Framework\.NETFramework\v4.6.1\Facades\System.ServiceModel.NetTcp.dll" /reference:"C:\Program Files (x86)\Reference Assemblies\Microsoft\Framework\.NETFramework\v4.6.1\Facades\System.ServiceModel.Primitives.dll" /reference:"C:\Program Files (x86)\Reference Assemblies\Microsoft\Framework\.NETFramework\v4.6.1\Facades\System.ServiceModel.Security.dll" /reference:"C:\Program Files (x86)\Reference Assemblies\Microsoft\Framework\.NETFramework\v4.6.1\Facades\System.Text.Encoding.dll" /reference:"C:\Program Files (x86)\Reference Assemblies\Microsoft\Framework\.NETFramework\v4.6.1\Facades\System.Text.Encoding.Extensions.dll" /reference:"C:\Program Files (x86)\Reference Assemblies\Microsoft\Framework\.NETFramework\v4.6.1\Facades\System.Text.RegularExpressions.dll" /reference:"C:\Program Files (x86)\Reference Assemblies\Microsoft\Framework\.NETFramework\v4.6.1\Facades\System.Threading.dll" /reference:"C:\Program Files (x86)\Reference Assemblies\Microsoft\Framework\.NETFramework\v4.6.1\Facades\System.Threading.Tasks.dll" /reference:"C:\Program Files (x86)\Reference Assemblies\Microsoft\Framework\.NETFramework\v4.6.1\Facades\System.Threading.Tasks.Parallel.dll" /reference:"C:\Program Files (x86)\Reference Assemblies\Microsoft\Framework\.NETFramework\v4.6.1\Facades\System.Threading.Timer.dll" /reference:"C:\Program Files (x86)\Reference Assemblies\Microsoft\Framework\.NETFramework\v4.6.1\Facades\System.Xml.ReaderWriter.dll" /reference:"C:\Program Files (x86)\Reference Assemblies\Microsoft\Framework\.NETFramework\v4.6.1\Facades\System.Xml.XDocument.dll" /reference:"C:\Program Files (x86)\Reference Assemblies\Microsoft\Framework\.NETFramework\v4.6.1\Facades\System.Xml.XmlSerializer.dll" /debug+ /debug:full /filealign:512 /optimize- /out:obj\Debug\Task_70.dll /ruleset:"C:\Program Files (x86)\Microsoft Visual Studio\2017\Enterprise\Team Tools\Static Analysis Tools\\Rule Sets\MinimumRecommendedRules.ruleset" /subsystemversion:6.00 /target:library /utf8output "Locators\PageFactory .cs" Tests\Task_70.cs Properties\AssemblyInfo.cs "C:\TeamCity\buildAgent\temp\buildTmp\.NETFramework,Version=v4.6.1.AssemblyAttributes.cs"
[00:32:44] :										 [Csc] Using shared compilation with compiler from directory: C:\Program Files (x86)\Microsoft Visual Studio\2017\Enterprise\MSBuild\15.0\bin\Roslyn
[00:32:44]W:										 [Csc] Tests\Task_70.cs(23, 25): warning CS0618: 'PageFactory' is obsolete: 'The PageFactory implementation in the .NET bindings is deprecated and will be removed in a future release. This portion of the code has been migrated to the DotNetSeleniumExtras repository on GitHub (https://github.com/DotNetSeleniumTools/DotNetSeleniumExtras)'
[00:32:44]W:										 [Csc] Locators\PageFactory .cs(23, 21): warning CS0649: Field 'PageFactory.passwordInput' is never assigned to, and will always have its default value null
[00:32:44]W:										 [Csc] Locators\PageFactory .cs(29, 21): warning CS0169: The field 'PageFactory.personalRoomText' is never used
[00:32:44]W:										 [Csc] Locators\PageFactory .cs(20, 21): warning CS0649: Field 'PageFactory.userNameInput' is never assigned to, and will always have its default value null
[00:32:44]W:										 [Csc] Locators\PageFactory .cs(26, 21): warning CS0649: Field 'PageFactory.enterButton' is never assigned to, and will always have its default value null
[00:32:44]W:										 [Csc] Locators\PageFactory .cs(17, 21): warning CS0169: The field 'PageFactory.frameWindow' is never used
[00:32:44]W:										 [Csc] Locators\PageFactory .cs(35, 21): warning CS0649: Field 'PageFactory.logOutLink' is never assigned to, and will always have its default value null
[00:32:44]W:										 [Csc] Locators\PageFactory .cs(14, 21): warning CS0169: The field 'PageFactory.forgotPasswordLink' is never used
[00:32:44] :								 [TestProject\Task_70\Task_70.csproj] _CopyFilesMarkedCopyLocal
[00:32:44] :									 [_CopyFilesMarkedCopyLocal] Copy
[00:32:44] :										 [Copy] Copying file from "C:\TeamCity\buildAgent\work\357d8625a94da553\TestProject\packages\Noksa.NUnit.Allure.2.5.0.1\lib\net461\Allure.dll" to "bin\Debug\Allure.dll".
[00:32:44] :										 [Copy] Copying file from "C:\TeamCity\buildAgent\work\357d8625a94da553\TestProject\Initialize\bin\Debug\Initialize.dll" to "bin\Debug\Initialize.dll".
[00:32:44] :										 [Copy] Copying file from "C:\TeamCity\buildAgent\work\357d8625a94da553\TestProject\packages\Newtonsoft.Json.11.0.2\lib\net45\Newtonsoft.Json.dll" to "bin\Debug\Newtonsoft.Json.dll".
[00:32:44] :										 [Copy] Copying file from "C:\TeamCity\buildAgent\work\357d8625a94da553\TestProject\packages\NUnit.3.11.0\lib\net45\nunit.framework.dll" to "bin\Debug\nunit.framework.dll".
[00:32:44] :										 [Copy] Copying file from "C:\TeamCity\buildAgent\work\357d8625a94da553\TestProject\packages\System.ValueTuple.4.5.0\lib\net461\System.ValueTuple.dll" to "bin\Debug\System.ValueTuple.dll".
[00:32:44] :										 [Copy] Copying file from "C:\TeamCity\buildAgent\work\357d8625a94da553\TestProject\packages\Selenium.WebDriver.3.141.0\lib\net45\WebDriver.dll" to "bin\Debug\WebDriver.dll".
[00:32:44] :										 [Copy] Copying file from "C:\TeamCity\buildAgent\work\357d8625a94da553\TestProject\packages\Selenium.Support.3.141.0\lib\net45\WebDriver.Support.dll" to "bin\Debug\WebDriver.Support.dll".
[00:32:44] :										 [Copy] Copying file from "C:\TeamCity\buildAgent\work\357d8625a94da553\TestProject\Initialize\bin\Debug\Initialize.pdb" to "bin\Debug\Initialize.pdb".
[00:32:44] :										 [Copy] Copying file from "C:\TeamCity\buildAgent\work\357d8625a94da553\TestProject\Initialize\bin\Debug\Initialize.dll.config" to "bin\Debug\Initialize.dll.config".
[00:32:44] :										 [Copy] Copying file from "C:\TeamCity\buildAgent\work\357d8625a94da553\TestProject\packages\Newtonsoft.Json.11.0.2\lib\net45\Newtonsoft.Json.xml" to "bin\Debug\Newtonsoft.Json.xml".
[00:32:44] :										 [Copy] Copying file from "C:\TeamCity\buildAgent\work\357d8625a94da553\TestProject\packages\NUnit.3.11.0\lib\net45\nunit.framework.pdb" to "bin\Debug\nunit.framework.pdb".
[00:32:44] :										 [Copy] Copying file from "C:\TeamCity\buildAgent\work\357d8625a94da553\TestProject\packages\NUnit.3.11.0\lib\net45\nunit.framework.xml" to "bin\Debug\nunit.framework.xml".
[00:32:44] :										 [Copy] Copying file from "C:\TeamCity\buildAgent\work\357d8625a94da553\TestProject\packages\System.ValueTuple.4.5.0\lib\net461\System.ValueTuple.xml" to "bin\Debug\System.ValueTuple.xml".
[00:32:44] :										 [Copy] Copying file from "C:\TeamCity\buildAgent\work\357d8625a94da553\TestProject\packages\Selenium.WebDriver.3.141.0\lib\net45\WebDriver.xml" to "bin\Debug\WebDriver.xml".
[00:32:44] :										 [Copy] Copying file from "C:\TeamCity\buildAgent\work\357d8625a94da553\TestProject\packages\Selenium.Support.3.141.0\lib\net45\WebDriver.Support.xml" to "bin\Debug\WebDriver.Support.xml".
[00:32:44] :									 [_CopyFilesMarkedCopyLocal] Touch
[00:32:44] :										 [Touch] Touching "C:\TeamCity\buildAgent\work\357d8625a94da553\TestProject\Task_70\obj\Debug\Task_70.csproj.CopyComplete".
[00:32:44] :								 [TestProject\Task_70\Task_70.csproj] GetCopyToOutputDirectoryItems
[00:32:44] :								 [TestProject\Task_70\Task_70.csproj] _CopyOutOfDateSourceItemsToOutputDirectory
[00:32:44] :									 [_CopyOutOfDateSourceItemsToOutputDirectory] Skipping target "_CopyOutOfDateSourceItemsToOutputDirectory" because all output files are up-to-date with respect to the input files.
[00:32:44] :								 [TestProject\Task_70\Task_70.csproj] _CopyOutOfDateSourceItemsToOutputDirectoryAlways
[00:32:44] :									 [_CopyOutOfDateSourceItemsToOutputDirectoryAlways] Copy
[00:32:44] :										 [Copy] Copying file from "C:\TeamCity\buildAgent\work\357d8625a94da553\TestProject\Task_70\allureConfig.json" to "bin\Debug\allureConfig.json".
[00:32:44] :								 [TestProject\Task_70\Task_70.csproj] _CopyAppConfigFile
[00:32:44] :									 [_CopyAppConfigFile] Skipping target "_CopyAppConfigFile" because all output files are up-to-date with respect to the input files.
[00:32:44] :								 [TestProject\Task_70\Task_70.csproj] CopyFilesToOutputDirectory
[00:32:44] :									 [CopyFilesToOutputDirectory] Copy
[00:32:44] :										 [Copy] Copying file from "obj\Debug\Task_70.dll" to "bin\Debug\Task_70.dll".
[00:32:44] :									 [CopyFilesToOutputDirectory] Task_70 -> C:\TeamCity\buildAgent\work\357d8625a94da553\TestProject\Task_70\bin\Debug\Task_70.dll
[00:32:44] :									 [CopyFilesToOutputDirectory] Copy
[00:32:44] :										 [Copy] Copying file from "obj\Debug\Task_70.pdb" to "bin\Debug\Task_70.pdb".
[00:32:44] :	 [Step 2/4] Process exited with code 0
[00:32:44]E: Step 3/4: Run Tests (NUnit) (1m:57s)
[00:32:45] :	 [Step 3/4] Starting: C:\TeamCity\buildAgent\tools\NUnit.Console.3.9.0\nunit3-console.exe C:\TeamCity\buildAgent\temp\buildTmp\19BCy0dg5a28u43tODbvW7x6GLwfAvdX.nunit --result=C:\TeamCity\buildAgent\temp\buildTmp\19BCy0dg5a28u43tODbvW7x6GLwfAvdX.nunit.xml --noheader
[00:32:45] :	 [Step 3/4] in directory: C:\TeamCity\buildAgent\work\357d8625a94da553\TestProject\Task_20\bin\Debug
[00:32:45] :	 [Step 3/4] Runtime Environment
[00:32:45] :	 [Step 3/4]    OS Version: Microsoft Windows NT 10.0.17134.0
[00:32:45] :	 [Step 3/4]   CLR Version: 4.0.30319.42000
[00:32:45] :	 [Step 3/4] 
[00:32:45] :	 [Step 3/4] Test Files
[00:32:45] :	 [Step 3/4]     C:\TeamCity\buildAgent\temp\buildTmp\19BCy0dg5a28u43tODbvW7x6GLwfAvdX.nunit
[00:32:45] :	 [Step 3/4] 
[00:32:46] :	 [Step 3/4] Task_20.dll (10s)
[00:32:46] :		 [Task_20.dll] Task_20.Tests.Task_20.LoginTutBy_CorrectCredentials_Successfull (10s)
[00:32:56] :	 [Step 3/4] 
[00:32:56] :	 [Step 3/4] Run Settings
[00:32:56] :	 [Step 3/4]     DisposeRunners: True
[00:32:56] :	 [Step 3/4]     WorkDirectory: C:\TeamCity\buildAgent\work\357d8625a94da553\TestProject\Task_20\bin\Debug
[00:32:56] :	 [Step 3/4]     BasePath: C:\TeamCity\buildAgent\work\357d8625a94da553\TestProject\Task_20\bin\Debug
[00:32:56] :	 [Step 3/4]     ImageRuntimeVersion: 4.0.30319
[00:32:56] :	 [Step 3/4]     ImageTargetFrameworkName: .NETFramework,Version=v4.6.1
[00:32:56] :	 [Step 3/4]     ImageRequiresX86: False
[00:32:56] :	 [Step 3/4]     ImageRequiresDefaultAppDomainAssemblyResolver: False
[00:32:56] :	 [Step 3/4]     NumberOfTestWorkers: 8
[00:32:56] :	 [Step 3/4] 
[00:32:56] :	 [Step 3/4] Test Run Summary
[00:32:56] :	 [Step 3/4]   Overall result: Passed
[00:32:56] :	 [Step 3/4]   Test Count: 1, Passed: 1, Failed: 0, Warnings: 0, Inconclusive: 0, Skipped: 0
[00:32:56] :	 [Step 3/4]   Start time: 2019-03-11 21:32:45Z
[00:32:56] :	 [Step 3/4]     End time: 2019-03-11 21:32:56Z
[00:32:56] :	 [Step 3/4]     Duration: 11.382 seconds
[00:32:56] :	 [Step 3/4] 
[00:32:56] :	 [Step 3/4] Results (nunit3) saved as C:\TeamCity\buildAgent\temp\buildTmp\19BCy0dg5a28u43tODbvW7x6GLwfAvdX.nunit.xml
[00:32:56] :	 [Step 3/4] Process exited with code 0
[00:32:56] :	 [Step 3/4] Publishing artifacts (3s)
[00:32:56] :		 [Publishing artifacts] Collecting files to publish: [C:\TeamCity\buildAgent\temp\buildTmp\19BCy0dg5a28u43tODbvW7x6GLwfAvdX.nunit => .teamcity\bt1_RUNNER_3]
[00:32:59] :		 [Publishing artifacts] Publishing 1 file using [ArtifactsCachePublisher]: C:/TeamCity/buildAgent/temp/buildTmp/19BCy0dg5a28u43tODbvW7x6GLwfAvdX.nunit => .teamcity/bt1_RUNNER_3
[00:32:59] :		 [Publishing artifacts] Publishing 1 file using [WebPublisher]: C:/TeamCity/buildAgent/temp/buildTmp/19BCy0dg5a28u43tODbvW7x6GLwfAvdX.nunit => .teamcity/bt1_RUNNER_3
[00:32:56]i:	 [Step 3/4] ##teamcity[publishArtifacts 'C:\TeamCity\buildAgent\temp\buildTmp\19BCy0dg5a28u43tODbvW7x6GLwfAvdX.nunit => .teamcity\bt1_RUNNER_3']
[00:32:56] :	 [Step 3/4] Starting: C:\TeamCity\buildAgent\tools\NUnit.Console.3.9.0\nunit3-console.exe C:\TeamCity\buildAgent\temp\buildTmp\x2YQ3zmbkXlvkMst9tssjNejmorcf1G3.nunit --result=C:\TeamCity\buildAgent\temp\buildTmp\x2YQ3zmbkXlvkMst9tssjNejmorcf1G3.nunit.xml --noheader
[00:32:56] :	 [Step 3/4] in directory: C:\TeamCity\buildAgent\work\357d8625a94da553\TestProject\Task_50\bin\Debug
[00:32:57] :	 [Step 3/4] Runtime Environment
[00:32:57] :	 [Step 3/4]    OS Version: Microsoft Windows NT 10.0.17134.0
[00:32:57] :	 [Step 3/4]   CLR Version: 4.0.30319.42000
[00:32:57] :	 [Step 3/4] 
[00:32:57] :	 [Step 3/4] Test Files
[00:32:57] :	 [Step 3/4]     C:\TeamCity\buildAgent\temp\buildTmp\x2YQ3zmbkXlvkMst9tssjNejmorcf1G3.nunit
[00:32:57] :	 [Step 3/4] 
[00:32:57]F:	 [Step 3/4] Task_50.dll (1m)
[00:32:57] :		 [Task_50.dll] Task_50.Tests.Task_50_herokuapp.Herokuapp_AddTextToFrame_Added (7s)
[00:32:57]F:		 [Task_50.dll] Task_50.Tests.Task_50_tutBy.LoginTutBy_CorrectCredentialsAndWait_Successfull (9s)
[00:33:05] :		 [Task_50.dll] Task_50.Tests.Task_50_herokuapp.Herokuapp_Alert_Added (6s)
[00:33:07]F:			 [Task_50.Tests.Task_50_tutBy.LoginTutBy_CorrectCredentialsAndWait_Successfull] OpenQA.Selenium.WebDriverException : java.net.ConnectException: Connection refused: connect
TearDown : OpenQA.Selenium.WebDriverException : java.net.ConnectException: Connection refused: connect
[00:33:07]F:			 [Task_50.Tests.Task_50_tutBy.LoginTutBy_CorrectCredentialsAndWait_Successfull]    at OpenQA.Selenium.Remote.RemoteWebDriver.UnpackAndThrowOnError(Response errorResponse)
   at OpenQA.Selenium.Remote.RemoteWebDriver.Execute(String driverCommandToExecute, Dictionary`2 parameters)
   at Initialize.TestBase.LaunchBrowser(IWebDriver driver, Uri startPage) in C:\TeamCity\buildAgent\work\357d8625a94da553\TestProject\Initialize\TestBase.cs:line 178
   at Task_50.Tests.Task_50_tutBy.LoginTutBy_CorrectCredentialsAndWait_Successfull() in C:\TeamCity\buildAgent\work\357d8625a94da553\TestProject\Task_50\Tests\Task_50_tutBy.cs:line 38
--TearDown
   at OpenQA.Selenium.Remote.RemoteWebDriver.UnpackAndThrowOnError(Response errorResponse)
   at OpenQA.Selenium.Remote.RemoteWebDriver.Execute(String driverCommandToExecute, Dictionary`2 parameters)
   at OpenQA.Selenium.Remote.RemoteWebDriver.GetScreenshot()
   at Initialize.TestBase.MakeScreenshot(IWebDriver driver, String saveTo) in C:\TeamCity\buildAgent\work\357d8625a94da553\TestProject\Initialize\TestBase.cs:line 137
   at Initialize.TestBase.ScreenshotOnFailure() in C:\TeamCity\buildAgent\work\357d8625a94da553\TestProject\Initialize\TestBase.cs:line 120
   at Initialize.TestBase.TestCleanup() in C:\TeamCity\buildAgent\work\357d8625a94da553\TestProject\Initialize\TestBase.cs:line 67
[00:33:09]E:	 [Step 3/4] Failed tests detected
[00:33:07] :		 [Task_50.dll] Task_50.Tests.Task_50_tutBy.LoginTutBy_DDT_Successfull("seleniumtests@tut.by","123456789zxcvbn") (21s)
[00:33:12] :		 [Task_50.dll] Task_50.Tests.Task_50_herokuapp.Herokuapp_Confirm_Added (23s)
[00:33:28] :		 [Task_50.dll] Task_50.Tests.Task_50_tutBy.LoginTutBy_DDT_Successfull("seleniumtests2@tut.by","123456789zxcvbn") (22s)
[00:33:35] :		 [Task_50.dll] Task_50.Tests.Task_50_herokuapp.Herokuapp_Prompt_Added (22s)
[00:33:58] :	 [Step 3/4] 
[00:33:58] :	 [Step 3/4] Errors, Failures and Warnings
[00:33:58] :	 [Step 3/4] 
[00:33:58] :	 [Step 3/4] 1) Error : Task_50.Tests.Task_50_tutBy.LoginTutBy_CorrectCredentialsAndWait_Successfull
[00:33:58] :	 [Step 3/4] OpenQA.Selenium.WebDriverException : java.net.ConnectException: Connection refused: connect
[00:33:58] :	 [Step 3/4] TearDown : OpenQA.Selenium.WebDriverException : java.net.ConnectException: Connection refused: connect
[00:33:58] :	 [Step 3/4]    at OpenQA.Selenium.Remote.RemoteWebDriver.UnpackAndThrowOnError(Response errorResponse)
[00:33:58] :	 [Step 3/4]    at OpenQA.Selenium.Remote.RemoteWebDriver.Execute(String driverCommandToExecute, Dictionary`2 parameters)
[00:33:58] :	 [Step 3/4]    at Initialize.TestBase.LaunchBrowser(IWebDriver driver, Uri startPage) in C:\TeamCity\buildAgent\work\357d8625a94da553\TestProject\Initialize\TestBase.cs:line 178
[00:33:58] :	 [Step 3/4]    at Task_50.Tests.Task_50_tutBy.LoginTutBy_CorrectCredentialsAndWait_Successfull() in C:\TeamCity\buildAgent\work\357d8625a94da553\TestProject\Task_50\Tests\Task_50_tutBy.cs:line 38
[00:33:58] :	 [Step 3/4] --TearDown
[00:33:58] :	 [Step 3/4]    at OpenQA.Selenium.Remote.RemoteWebDriver.UnpackAndThrowOnError(Response errorResponse)
[00:33:58] :	 [Step 3/4]    at OpenQA.Selenium.Remote.RemoteWebDriver.Execute(String driverCommandToExecute, Dictionary`2 parameters)
[00:33:58] :	 [Step 3/4]    at OpenQA.Selenium.Remote.RemoteWebDriver.GetScreenshot()
[00:33:58] :	 [Step 3/4]    at Initialize.TestBase.MakeScreenshot(IWebDriver driver, String saveTo) in C:\TeamCity\buildAgent\work\357d8625a94da553\TestProject\Initialize\TestBase.cs:line 137
[00:33:58] :	 [Step 3/4]    at Initialize.TestBase.ScreenshotOnFailure() in C:\TeamCity\buildAgent\work\357d8625a94da553\TestProject\Initialize\TestBase.cs:line 120
[00:33:58] :	 [Step 3/4]    at Initialize.TestBase.TestCleanup() in C:\TeamCity\buildAgent\work\357d8625a94da553\TestProject\Initialize\TestBase.cs:line 67
[00:33:58] :	 [Step 3/4] 
[00:33:58] :	 [Step 3/4] Run Settings
[00:33:58] :	 [Step 3/4]     DisposeRunners: True
[00:33:58] :	 [Step 3/4]     WorkDirectory: C:\TeamCity\buildAgent\work\357d8625a94da553\TestProject\Task_50\bin\Debug
[00:33:58] :	 [Step 3/4]     BasePath: C:\TeamCity\buildAgent\work\357d8625a94da553\TestProject\Task_50\bin\Debug
[00:33:58] :	 [Step 3/4]     ImageRuntimeVersion: 4.0.30319
[00:33:58] :	 [Step 3/4]     ImageTargetFrameworkName: .NETFramework,Version=v4.6.1
[00:33:58] :	 [Step 3/4]     ImageRequiresX86: False
[00:33:58] :	 [Step 3/4]     ImageRequiresDefaultAppDomainAssemblyResolver: False
[00:33:58] :	 [Step 3/4]     NumberOfTestWorkers: 8
[00:33:58] :	 [Step 3/4] 
[00:33:58] :	 [Step 3/4] Test Run Summary
[00:33:58] :	 [Step 3/4]   Overall result: Failed
[00:33:58] :	 [Step 3/4]   Test Count: 7, Passed: 6, Failed: 1, Warnings: 0, Inconclusive: 0, Skipped: 0
[00:33:58] :	 [Step 3/4]     Failed Tests - Failures: 0, Errors: 1, Invalid: 0
[00:33:58] :	 [Step 3/4]   Start time: 2019-03-11 21:32:57Z
[00:33:58] :	 [Step 3/4]     End time: 2019-03-11 21:33:58Z
[00:33:58] :	 [Step 3/4]     Duration: 61.515 seconds
[00:33:58] :	 [Step 3/4] 
[00:33:58] :	 [Step 3/4] Results (nunit3) saved as C:\TeamCity\buildAgent\temp\buildTmp\x2YQ3zmbkXlvkMst9tssjNejmorcf1G3.nunit.xml
[00:33:58]W:	 [Step 3/4] Process exited with code 1
[00:33:58]W:	 [Step 3/4] NUnit process finished with positive exit code 1 (some tests have failed). Reporting step success as all the tests have run.
[00:33:58] :	 [Step 3/4] Publishing artifacts (1s)
[00:33:58] :		 [Publishing artifacts] Collecting files to publish: [C:\TeamCity\buildAgent\temp\buildTmp\x2YQ3zmbkXlvkMst9tssjNejmorcf1G3.nunit => .teamcity\bt1_RUNNER_3]
[00:33:59] :		 [Publishing artifacts] Publishing 1 file using [ArtifactsCachePublisher]: C:/TeamCity/buildAgent/temp/buildTmp/x2YQ3zmbkXlvkMst9tssjNejmorcf1G3.nunit => .teamcity/bt1_RUNNER_3
[00:33:59] :		 [Publishing artifacts] Publishing 1 file using [WebPublisher]: C:/TeamCity/buildAgent/temp/buildTmp/x2YQ3zmbkXlvkMst9tssjNejmorcf1G3.nunit => .teamcity/bt1_RUNNER_3
[00:33:58]i:	 [Step 3/4] ##teamcity[publishArtifacts 'C:\TeamCity\buildAgent\temp\buildTmp\x2YQ3zmbkXlvkMst9tssjNejmorcf1G3.nunit => .teamcity\bt1_RUNNER_3']
[00:33:58] :	 [Step 3/4] Starting: C:\TeamCity\buildAgent\tools\NUnit.Console.3.9.0\nunit3-console.exe C:\TeamCity\buildAgent\temp\buildTmp\EuG9mgcypnejmgWBQ7QOMzran2JvopgT.nunit --result=C:\TeamCity\buildAgent\temp\buildTmp\EuG9mgcypnejmgWBQ7QOMzran2JvopgT.nunit.xml --noheader
[00:33:58] :	 [Step 3/4] in directory: C:\TeamCity\buildAgent\work\357d8625a94da553\TestProject\Task_70\bin\Debug
[00:33:58] :	 [Step 3/4] Runtime Environment
[00:33:58] :	 [Step 3/4]    OS Version: Microsoft Windows NT 10.0.17134.0
[00:33:58] :	 [Step 3/4]   CLR Version: 4.0.30319.42000
[00:33:58] :	 [Step 3/4] 
[00:33:58] :	 [Step 3/4] Test Files
[00:33:58] :	 [Step 3/4]     C:\TeamCity\buildAgent\temp\buildTmp\EuG9mgcypnejmgWBQ7QOMzran2JvopgT.nunit
[00:33:58] :	 [Step 3/4] 
[00:33:59]F:	 [Step 3/4] Task_70.dll (43s)
[00:33:59] :		 [Task_70.dll] Task_70.Tests.Task_70.LoginTutBy_CorrectCredentials_Successfull (12s)
[00:34:12] :		 [Task_70.dll] Task_70.Tests.Task_70.LogoutTutBy_ClickLogoutLink_Successfull (17s)
[00:34:29]F:		 [Task_70.dll] Task_70.Tests.Task_70.Task90_LoginTutByWrongCredentials_Failed (13s)
[00:34:42]F:			 [Task_70.Tests.Task_70.Task90_LoginTutByWrongCredentials_Failed] User not logged in. See screenshot
[00:34:42]F:			 [Task_70.Tests.Task_70.Task90_LoginTutByWrongCredentials_Failed]    at Task_70.Locators.PageFactory.AssertLoggedIn() in C:\TeamCity\buildAgent\work\357d8625a94da553\TestProject\Task_70\Locators\PageFactory .cs:line 93
   at Task_70.Tests.Task_70.Task90_LoginTutByWrongCredentials_Failed() in C:\TeamCity\buildAgent\work\357d8625a94da553\TestProject\Task_70\Tests\Task_70.cs:line 43

[00:34:42] :	 [Step 3/4] 
[00:34:42] :	 [Step 3/4] Errors, Failures and Warnings
[00:34:42] :	 [Step 3/4] 
[00:34:42] :	 [Step 3/4] 1) Failed : Task_70.Tests.Task_70.Task90_LoginTutByWrongCredentials_Failed
[00:34:42] :	 [Step 3/4] User not logged in. See screenshot
[00:34:42] :	 [Step 3/4]    at Task_70.Locators.PageFactory.AssertLoggedIn() in C:\TeamCity\buildAgent\work\357d8625a94da553\TestProject\Task_70\Locators\PageFactory .cs:line 93
[00:34:42] :	 [Step 3/4]    at Task_70.Tests.Task_70.Task90_LoginTutByWrongCredentials_Failed() in C:\TeamCity\buildAgent\work\357d8625a94da553\TestProject\Task_70\Tests\Task_70.cs:line 43
[00:34:42] :	 [Step 3/4] 
[00:34:42] :	 [Step 3/4] Run Settings
[00:34:42] :	 [Step 3/4]     DisposeRunners: True
[00:34:42] :	 [Step 3/4]     WorkDirectory: C:\TeamCity\buildAgent\work\357d8625a94da553\TestProject\Task_70\bin\Debug
[00:34:42] :	 [Step 3/4]     BasePath: C:\TeamCity\buildAgent\work\357d8625a94da553\TestProject\Task_70\bin\Debug
[00:34:42] :	 [Step 3/4]     ImageRuntimeVersion: 4.0.30319
[00:34:42] :	 [Step 3/4]     ImageTargetFrameworkName: .NETFramework,Version=v4.6.1
[00:34:42] :	 [Step 3/4]     ImageRequiresX86: False
[00:34:42] :	 [Step 3/4]     ImageRequiresDefaultAppDomainAssemblyResolver: False
[00:34:42] :	 [Step 3/4]     NumberOfTestWorkers: 8
[00:34:42] :	 [Step 3/4] 
[00:34:42] :	 [Step 3/4] Test Run Summary
[00:34:42] :	 [Step 3/4]   Overall result: Failed
[00:34:42] :	 [Step 3/4]   Test Count: 3, Passed: 2, Failed: 1, Warnings: 0, Inconclusive: 0, Skipped: 0
[00:34:42] :	 [Step 3/4]     Failed Tests - Failures: 1, Errors: 0, Invalid: 0
[00:34:42] :	 [Step 3/4]   Start time: 2019-03-11 21:33:58Z
[00:34:42] :	 [Step 3/4]     End time: 2019-03-11 21:34:42Z
[00:34:42] :	 [Step 3/4]     Duration: 43.820 seconds
[00:34:42] :	 [Step 3/4] 
[00:34:42] :	 [Step 3/4] Results (nunit3) saved as C:\TeamCity\buildAgent\temp\buildTmp\EuG9mgcypnejmgWBQ7QOMzran2JvopgT.nunit.xml
[00:34:42]W:	 [Step 3/4] Process exited with code 1
[00:34:42]W:	 [Step 3/4] NUnit process finished with positive exit code 1 (some tests have failed). Reporting step success as all the tests have run.
[00:34:42] :	 [Step 3/4] Publishing artifacts
[00:34:42] :		 [Publishing artifacts] Collecting files to publish: [C:\TeamCity\buildAgent\temp\buildTmp\EuG9mgcypnejmgWBQ7QOMzran2JvopgT.nunit => .teamcity\bt1_RUNNER_3]
[00:34:42] :		 [Publishing artifacts] Publishing 1 file using [ArtifactsCachePublisher]: C:/TeamCity/buildAgent/temp/buildTmp/EuG9mgcypnejmgWBQ7QOMzran2JvopgT.nunit => .teamcity/bt1_RUNNER_3
[00:34:42] :		 [Publishing artifacts] Publishing 1 file using [WebPublisher]: C:/TeamCity/buildAgent/temp/buildTmp/EuG9mgcypnejmgWBQ7QOMzran2JvopgT.nunit => .teamcity/bt1_RUNNER_3
[00:34:42]i:	 [Step 3/4] ##teamcity[publishArtifacts 'C:\TeamCity\buildAgent\temp\buildTmp\EuG9mgcypnejmgWBQ7QOMzran2JvopgT.nunit => .teamcity\bt1_RUNNER_3']
[00:34:42]W: Step 4/4: Generate Allure via plugin (Allure Report) (2s)
[00:34:42] :	 [Step 4/4] http://localhost:90//repository/downloadAll/AutomationTraining_Build/.lastFinished/artifacts.zip
[00:34:43] :	 [Step 4/4] Cannot copy history file. Reason: C:\TeamCity\buildAgent\work\357d8625a94da553\TestProject\TestResults\FinalResult\history\categories-trend.json
[00:34:43]W:	 [Step 4/4] java.nio.file.FileAlreadyExistsException: C:\TeamCity\buildAgent\work\357d8625a94da553\TestProject\TestResults\FinalResult\history\categories-trend.json
	at sun.nio.fs.WindowsException.translateToIOException(WindowsException.java:81)
	at sun.nio.fs.WindowsException.rethrowAsIOException(WindowsException.java:97)
	at sun.nio.fs.WindowsException.rethrowAsIOException(WindowsException.java:102)
	at sun.nio.fs.WindowsFileSystemProvider.newByteChannel(WindowsFileSystemProvider.java:230)
	at java.nio.file.spi.FileSystemProvider.newOutputStream(FileSystemProvider.java:434)
	at java.nio.file.Files.newOutputStream(Files.java:216)
	at java.nio.file.Files.copy(Files.java:3016)
	at io.qameta.allure.teamcity.AllureBuildServiceAdapter.copyHistoryToResultsPath(AllureBuildServiceAdapter.java:168)
	at io.qameta.allure.teamcity.AllureBuildServiceAdapter.copyHistory(AllureBuildServiceAdapter.java:152)
	at io.qameta.allure.teamcity.AllureBuildServiceAdapter.beforeProcessStarted(AllureBuildServiceAdapter.java:119)
	at jetbrains.buildServer.agent.runner2.SingleCommandLineBuildSessionAdapter.beforeProcessStarted(SingleCommandLineBuildSessionAdapter.java:58)
	at jetbrains.buildServer.agent.runner2.GenericCommandLineBuildProcess.executeProcess(GenericCommandLineBuildProcess.java:62)
	at jetbrains.buildServer.agent.runner2.GenericCommandLineBuildProcess.waitFor(GenericCommandLineBuildProcess.java:269)
	at jetbrains.buildServer.agent.impl.buildStages.runnerStages.start.CallRunnerStage.doBuildStage(CallRunnerStage.java:62)
	at jetbrains.buildServer.agent.impl.buildStages.RunnerStagesExecutor$1.callStage(RunnerStagesExecutor.java:25)
	at jetbrains.buildServer.agent.impl.buildStages.RunnerStagesExecutor$1.callStage(RunnerStagesExecutor.java:18)
	at jetbrains.buildServer.agent.impl.buildStages.StagesExecutor.callRunStage(StagesExecutor.java:78)
	at jetbrains.buildServer.agent.impl.buildStages.StagesExecutor.doStages(StagesExecutor.java:37)
	at jetbrains.buildServer.agent.impl.buildStages.RunnerStagesExecutor.doStages(RunnerStagesExecutor.java:18)
	at jetbrains.buildServer.agent.impl.buildStages.startStages.steps.RunnerContextExecutor.callRunnerStages(RunnerContextExecutor.java:43)
	at jetbrains.buildServer.agent.impl.buildStages.startStages.steps.StepExecutor.processNextStep(StepExecutor.java:25)
	at jetbrains.buildServer.agent.impl.buildStages.startStages.steps.ForEachBuildRunnerStage.executeRunnerStep(ForEachBuildRunnerStage.java:138)
	at jetbrains.buildServer.agent.impl.buildStages.startStages.steps.ForEachBuildRunnerStage.runStep(ForEachBuildRunnerStage.java:123)
	at jetbrains.buildServer.agent.impl.buildStages.startStages.steps.ForEachBuildRunnerStage.executeBuildRunners(ForEachBuildRunnerStage.java:83)
	at jetbrains.buildServer.agent.impl.buildStages.startStages.steps.ForEachBuildRunnerStage.doBuildStage(ForEachBuildRunnerStage.java:44)
	at jetbrains.buildServer.agent.impl.buildStages.BuildStagesExecutor$1.callStage(BuildStagesExecutor.java:31)
	at jetbrains.buildServer.agent.impl.buildStages.BuildStagesExecutor$1.callStage(BuildStagesExecutor.java:24)
	at jetbrains.buildServer.agent.impl.buildStages.StagesExecutor.callRunStage(StagesExecutor.java:78)
	at jetbrains.buildServer.agent.impl.buildStages.StagesExecutor.doStages(StagesExecutor.java:37)
	at jetbrains.buildServer.agent.impl.buildStages.BuildStagesExecutor.doStages(BuildStagesExecutor.java:24)
	at jetbrains.buildServer.agent.impl.BuildRunActionImpl.doStages(BuildRunActionImpl.java:75)
	at jetbrains.buildServer.agent.impl.BuildRunActionImpl.runBuild(BuildRunActionImpl.java:55)
	at jetbrains.buildServer.agent.impl.BuildAgentImpl.doActualBuild(BuildAgentImpl.java:300)
	at jetbrains.buildServer.agent.impl.BuildAgentImpl.access$100(BuildAgentImpl.java:54)
	at jetbrains.buildServer.agent.impl.BuildAgentImpl$1.run(BuildAgentImpl.java:264)
	at java.lang.Thread.run(Thread.java:748)

[00:34:43] :	 [Step 4/4] Program environment variables: {=C:=c:\TeamCity\buildAgent\bin, ALLUSERSPROFILE=C:\ProgramData, APPDATA=C:\WINDOWS\system32\config\systemprofile\AppData\Roaming, BUILD_NUMBER=18, BUILD_VCS_NUMBER=bbe05dd98a258e767c033614c2f06cf2ca12ebed, BUILD_VCS_NUMBER_AutomationTraining_AutoTraining=bbe05dd98a258e767c033614c2f06cf2ca12ebed, COMPUTERNAME=GUSEVG10, ComSpec=C:\WINDOWS\system32\cmd.exe, CommonProgramFiles=C:\Program Files (x86)\Common Files, CommonProgramFiles(x86)=C:\Program Files (x86)\Common Files, CommonProgramW6432=C:\Program Files\Common Files, DriverData=C:\Windows\System32\Drivers\DriverData, JAVA_HOME=C:\Program Files\Java\jdk-11.0.2, JDK_11=C:\Program Files\Java\jdk-11.0.2, JDK_11_x64=C:\Program Files\Java\jdk-11.0.2, JDK_HOME=C:\Program Files\Java\jdk-11.0.2, JRE_HOME=C:\Program Files\Java\jdk-11.0.2, LOCALAPPDATA=C:\WINDOWS\system32\config\systemprofile\AppData\Local, MSBuildEmitSolution=1, NUGET_PACKAGES=C:\TeamCity\buildAgent\temp\buildTmp\.nuget\packages, NUMBER_OF_PROCESSORS=8, OS=Windows_NT, OneDrive=C:\WINDOWS\system32\config\systemprofile\OneDrive, PATHEXT=.COM;.EXE;.BAT;.CMD;.VBS;.VBE;.JS;.JSE;.WSF;.WSH;.MSC, PROCESSOR_ARCHITECTURE=x86, PROCESSOR_ARCHITEW6432=AMD64, PROCESSOR_IDENTIFIER=Intel64 Family 6 Model 158 Stepping 9, GenuineIntel, PROCESSOR_LEVEL=6, PROCESSOR_REVISION=9e09, PSModulePath=C:\Program Files\WindowsPowerShell\Modules;C:\WINDOWS\system32\WindowsPowerShell\v1.0\Modules;C:\Program Files\MVPSI\Modules\;C:\Program Files (x86)\Microsoft SQL Server\120\Tools\PowerShell\Modules\, PUBLIC=C:\Users\Public, Path=C:\ProgramData\DockerDesktop\version-bin;C:\Program Files\Docker\Docker\Resources\bin;C:\WINDOWS\system32;C:\WINDOWS;C:\WINDOWS\System32\Wbem;C:\WINDOWS\System32\WindowsPowerShell\v1.0\;C:\Program Files\Microsoft SQL Server\130\Tools\Binn\;C:\Program Files\dotnet\;C:\WINDOWS\System32\OpenSSH\;C:\Program Files\Microsoft SQL Server\120\Tools\Binn\;C:\Program Files\Microsoft SQL Server\120\DTS\Binn\;C:\Program Files\Microsoft SQL Server\Client SDK\ODBC\110\Tools\Binn\;C:\Program Files (x86)\Microsoft SQL Server\120\Tools\Binn\;C:\Program Files (x86)\Microsoft SQL Server\120\Tools\Binn\ManagementStudio\;C:\Program Files (x86)\Microsoft SQL Server\120\DTS\Binn\;C:\Program Files\Git\cmd;C:\WINDOWS\system32\config\systemprofile\AppData\Local\Microsoft\WindowsApps, ProgramData=C:\ProgramData, ProgramFiles=C:\Program Files (x86), ProgramFiles(x86)=C:\Program Files (x86), ProgramW6432=C:\Program Files, SystemDrive=C:, SystemRoot=C:\WINDOWS, TEAMCITY_BUILDCONF_NAME=Build, TEAMCITY_BUILD_PROPERTIES_FILE=C:\TeamCity\buildAgent\temp\buildTmp\teamcity.build8482559702438073425.properties, TEAMCITY_CAPTURE_ENV="c:\TeamCity\jre\bin\java.exe" -jar "C:\TeamCity\buildAgent\plugins\environment-fetcher\bin\env-fetcher.jar", TEAMCITY_GIT_PATH=C:\Program Files\Git\bin\git.exe, TEAMCITY_JRE=C:\Program Files\Java\jdk-11.0.2, TEAMCITY_PROJECT_NAME=AutomationTraining, TEAMCITY_VERSION=2018.2.3 (build 61544), TEMP=C:\TeamCity\buildAgent\temp\buildTmp, TMP=C:\TeamCity\buildAgent\temp\buildTmp, TMPDIR=C:\TeamCity\buildAgent\temp\buildTmp, USERDOMAIN=BY-MINSK, USERNAME=GUSEVG10$, USERPROFILE=C:\WINDOWS\system32\config\systemprofile, VBOX_MSI_INSTALL_PATH=C:\Program Files\Oracle\VirtualBox\, VS140COMNTOOLS=C:\Program Files (x86)\Microsoft Visual Studio 14.0\Common7\Tools\, WRAPPER_ARCH=x86, WRAPPER_BITS=32, WRAPPER_FILE_SEPARATOR=\, WRAPPER_OS=windows, WRAPPER_PATH_SEPARATOR=;, windir=C:\WINDOWS}
[00:34:43] :	 [Step 4/4] Program working directory: C:\TeamCity\buildAgent\work\357d8625a94da553
[00:34:43] :	 [Step 4/4] Program path: C:\TeamCity\buildAgent\tools\allure-commandline\allure-2.7.0\bin\allure.bat
[00:34:43] :	 [Step 4/4] Program args: [generate, C:\TeamCity\buildAgent\work\357d8625a94da553\TestProject\TestResults\FinalResult, -o, C:\TeamCity\buildAgent\work\357d8625a94da553\allure-report]
[00:34:43] :	 [Step 4/4] Starting: C:\TeamCity\buildAgent\tools\allure-commandline\allure-2.7.0\bin\allure.bat generate C:\TeamCity\buildAgent\work\357d8625a94da553\TestProject\TestResults\FinalResult -o C:\TeamCity\buildAgent\work\357d8625a94da553\allure-report
[00:34:43] :	 [Step 4/4] in directory: C:\TeamCity\buildAgent\work\357d8625a94da553
[00:34:45] :	 [Step 4/4] Report successfully generated to C:\TeamCity\buildAgent\work\357d8625a94da553\allure-report
[00:34:45] :	 [Step 4/4] Process exited with code 0
[00:34:45] :	 [Step 4/4] Publishing artifacts
[00:34:45] :		 [Publishing artifacts] Collecting files to publish: [C:\TeamCity\buildAgent\work\357d8625a94da553\allure-report]
[00:34:45] :		 [Publishing artifacts] Publishing 57 files using [ArtifactsCachePublisher]: allure-report
[00:34:45] :		 [Publishing artifacts] Publishing 57 files using [WebPublisher]: allure-report
[00:34:45] : Publishing artifacts
[00:34:45] :	 [Publishing artifacts] Collecting files to publish: [C:\TeamCity\buildAgent\temp\buildTmp\nuget1371060080069315468packages\nuget.xml => .teamcity/nuget]
[00:34:45] :	 [Publishing artifacts] Publishing 1 file using [ArtifactsCachePublisher]: C:/TeamCity/buildAgent/temp/buildTmp/nuget1371060080069315468packages/nuget.xml => .teamcity/nuget
[00:34:45] :	 [Publishing artifacts] Publishing 1 file using [WebPublisher]: C:/TeamCity/buildAgent/temp/buildTmp/nuget1371060080069315468packages/nuget.xml => .teamcity/nuget
[00:34:45] : Publishing internal artifacts
[00:34:45] :	 [Publishing internal artifacts] Publishing 1 file using [ArtifactsCachePublisher]
[00:34:45] :	 [Publishing internal artifacts] Publishing 1 file using [WebPublisher]
[00:34:45]E: 2 failed tests detected
[00:34:45] : Build finished
